  [1m[35m (149.2ms)[0m  [1m[35mCREATE DATABASE "MusicApp_development" ENCODING = 'unicode'[0m
  [1m[35m (51.5ms)[0m  [1m[35mCREATE DATABASE "MusicApp_test" ENCODING = 'unicode'[0m
  [1m[35m (19.7ms)[0m  [1m[35mCREATE TABLE "schema_migrations" ("version" character varying NOT NULL PRIMARY KEY)[0m
  [1m[35m (4.2ms)[0m  [1m[35mCREATE TABLE "ar_internal_metadata" ("key" character varying NOT NULL PRIMARY KEY, "value" character varying, "created_at" timestamp(6) NOT NULL, "updated_at" timestamp(6) NOT NULL)[0m
  [1m[35m (0.8ms)[0m  [1m[34mSELECT pg_try_advisory_lock(1555902080779534005)[0m
  [1m[35m (0.7ms)[0m  [1m[34mSELECT "schema_migrations"."version" FROM "schema_migrations" ORDER BY "schema_migrations"."version" ASC[0m
Migrating to CreateUsers (20201103182624)
  [1m[35m (0.2ms)[0m  [1m[35mBEGIN[0m
  [1m[35m (8.4ms)[0m  [1m[35mCREATE TABLE "users" ("id" bigserial primary key, "email" character varying NOT NULL, "password_digest" character varying NOT NULL, "session_token" character varying NOT NULL, "created_at" timestamp(6) NOT NULL, "updated_at" timestamp(6) NOT NULL)[0m
  [1m[35m (1.6ms)[0m  [1m[35mCREATE UNIQUE INDEX  "index_users_on_email" ON "users"  ("email")[0m
  [1m[35m (1.2ms)[0m  [1m[35mCREATE UNIQUE INDEX  "index_users_on_session_token" ON "users"  ("session_token")[0m
  [1m[36mprimary::SchemaMigration Create (1.1ms)[0m  [1m[32mINSERT INTO "schema_migrations" ("version") VALUES ($1) RETURNING "version"[0m  [["version", "20201103182624"]]
  [1m[35m (0.4ms)[0m  [1m[35mCOMMIT[0m
  [1m[36mActiveRecord::InternalMetadata Load (0.6ms)[0m  [1m[34mSELECT "ar_internal_metadata".* FROM "ar_internal_metadata" WHERE "ar_internal_metadata"."key" = $1 LIMIT $2[0m  [["key", "environment"], ["LIMIT", 1]]
  [1m[35m (0.1ms)[0m  [1m[35mBEGIN[0m
  [1m[36mActiveRecord::InternalMetadata Create (1.9ms)[0m  [1m[32mINSERT INTO "ar_internal_metadata" ("key", "value", "created_at", "updated_at") VALUES ($1, $2, $3, $4) RETURNING "key"[0m  [["key", "environment"], ["value", "development"], ["created_at", "2020-11-03 18:28:16.349678"], ["updated_at", "2020-11-03 18:28:16.349678"]]
  [1m[35m (0.5ms)[0m  [1m[35mCOMMIT[0m
  [1m[35m (0.3ms)[0m  [1m[34mSELECT pg_advisory_unlock(1555902080779534005)[0m
  [1m[35m (1.5ms)[0m  [1m[34mSELECT "schema_migrations"."version" FROM "schema_migrations" ORDER BY "schema_migrations"."version" ASC[0m
  [1m[35m (0.9ms)[0m  [1m[34mSELECT "schema_migrations"."version" FROM "schema_migrations" ORDER BY "schema_migrations"."version" ASC[0m
  [1m[35m (0.6ms)[0m  [1m[34mSELECT "schema_migrations"."version" FROM "schema_migrations" ORDER BY "schema_migrations"."version" ASC[0m
  [1m[36mUser Load (0.5ms)[0m  [1m[34mSELECT "users".* FROM "users"[0m
  [1m[35m (0.5ms)[0m  [1m[34mSELECT "schema_migrations"."version" FROM "schema_migrations" ORDER BY "schema_migrations"."version" ASC[0m
  [1m[36mUser Load (0.5ms)[0m  [1m[34mSELECT "users".* FROM "users"[0m
  [1m[35m (0.1ms)[0m  [1m[35mBEGIN[0m
  [1m[36mUser Exists? (0.5ms)[0m  [1m[34mSELECT 1 AS one FROM "users" WHERE "users"."email" = $1 LIMIT $2[0m  [["email", "fred@metal.com"], ["LIMIT", 1]]
  [1m[36mUser Exists? (0.2ms)[0m  [1m[34mSELECT 1 AS one FROM "users" WHERE "users"."session_token" = $1 LIMIT $2[0m  [["session_token", "lM7zEQ2wcag2Hrmr0rCNlA"], ["LIMIT", 1]]
  [1m[36mUser Create (0.8ms)[0m  [1m[32mINSERT INTO "users" ("email", "password_digest", "session_token", "created_at", "updated_at") VALUES ($1, $2, $3, $4, $5) RETURNING "id"[0m  [["email", "fred@metal.com"], ["password_digest", "$2a$12$kTujLTUlVhVO.nV9.LglUul70owZQd9rbRvxiWTY/0vBdyIdXHAMy"], ["session_token", "lM7zEQ2wcag2Hrmr0rCNlA"], ["created_at", "2020-11-03 18:42:27.715358"], ["updated_at", "2020-11-03 18:42:27.715358"]]
  [1m[35m (0.4ms)[0m  [1m[35mCOMMIT[0m
  [1m[35m (0.1ms)[0m  [1m[35mBEGIN[0m
  [1m[36mUser Exists? (0.2ms)[0m  [1m[34mSELECT 1 AS one FROM "users" WHERE "users"."email" = $1 LIMIT $2[0m  [["email", "daniel@classical.com"], ["LIMIT", 1]]
  [1m[36mUser Exists? (0.2ms)[0m  [1m[34mSELECT 1 AS one FROM "users" WHERE "users"."session_token" = $1 LIMIT $2[0m  [["session_token", "h10xcCuFV9Q3QJzF7wh5Rg"], ["LIMIT", 1]]
  [1m[36mUser Create (0.2ms)[0m  [1m[32mINSERT INTO "users" ("email", "password_digest", "session_token", "created_at", "updated_at") VALUES ($1, $2, $3, $4, $5) RETURNING "id"[0m  [["email", "daniel@classical.com"], ["password_digest", "$2a$12$GOqfOzdj7HfqkD0wDhtxteUNQr5mKPNdXJv59w6yhKBXouJAEnvCm"], ["session_token", "h10xcCuFV9Q3QJzF7wh5Rg"], ["created_at", "2020-11-03 18:42:27.901937"], ["updated_at", "2020-11-03 18:42:27.901937"]]
  [1m[35m (0.4ms)[0m  [1m[35mCOMMIT[0m
  [1m[36mUser Load (0.7ms)[0m  [1m[34mSELECT "users".* FROM "users"[0m
Started GET "/" for ::1 at 2020-11-03 11:02:06 -0800
  [1m[35m (0.7ms)[0m  [1m[34mSELECT "schema_migrations"."version" FROM "schema_migrations" ORDER BY "schema_migrations"."version" ASC[0m
Processing by Rails::WelcomeController#index as HTML
  Rendering /Users/kevinbastoul/.rbenv/versions/2.5.1/lib/ruby/gems/2.5.0/gems/railties-6.0.3.4/lib/rails/templates/rails/welcome/index.html.erb
  Rendered /Users/kevinbastoul/.rbenv/versions/2.5.1/lib/ruby/gems/2.5.0/gems/railties-6.0.3.4/lib/rails/templates/rails/welcome/index.html.erb (Duration: 6.4ms | Allocations: 484)
Completed 200 OK in 17ms (Views: 10.2ms | ActiveRecord: 0.0ms | Allocations: 2806)


Started GET "/users" for ::1 at 2020-11-03 11:02:14 -0800
  
ActionController::RoutingError (No route matches [GET] "/users"):
  
actionpack (6.0.3.4) lib/action_dispatch/middleware/debug_exceptions.rb:36:in `call'
web-console (4.0.4) lib/web_console/middleware.rb:132:in `call_app'
web-console (4.0.4) lib/web_console/middleware.rb:28:in `block in call'
web-console (4.0.4) lib/web_console/middleware.rb:17:in `catch'
web-console (4.0.4) lib/web_console/middleware.rb:17:in `call'
actionpack (6.0.3.4) lib/action_dispatch/middleware/show_exceptions.rb:33:in `call'
railties (6.0.3.4) lib/rails/rack/logger.rb:37:in `call_app'
railties (6.0.3.4) lib/rails/rack/logger.rb:26:in `block in call'
activesupport (6.0.3.4) lib/active_support/tagged_logging.rb:80:in `block in tagged'
activesupport (6.0.3.4) lib/active_support/tagged_logging.rb:28:in `tagged'
activesupport (6.0.3.4) lib/active_support/tagged_logging.rb:80:in `tagged'
railties (6.0.3.4) lib/rails/rack/logger.rb:26:in `call'
sprockets-rails (3.2.2) lib/sprockets/rails/quiet_assets.rb:13:in `call'
actionpack (6.0.3.4) lib/action_dispatch/middleware/remote_ip.rb:81:in `call'
actionpack (6.0.3.4) lib/action_dispatch/middleware/request_id.rb:27:in `call'
rack (2.2.3) lib/rack/method_override.rb:24:in `call'
rack (2.2.3) lib/rack/runtime.rb:22:in `call'
activesupport (6.0.3.4) lib/active_support/cache/strategy/local_cache_middleware.rb:29:in `call'
actionpack (6.0.3.4) lib/action_dispatch/middleware/executor.rb:14:in `call'
actionpack (6.0.3.4) lib/action_dispatch/middleware/static.rb:126:in `call'
rack (2.2.3) lib/rack/sendfile.rb:110:in `call'
actionpack (6.0.3.4) lib/action_dispatch/middleware/host_authorization.rb:82:in `call'
webpacker (4.3.0) lib/webpacker/dev_server_proxy.rb:23:in `perform_request'
rack-proxy (0.6.5) lib/rack/proxy.rb:57:in `call'
railties (6.0.3.4) lib/rails/engine.rb:527:in `call'
puma (4.3.6) lib/puma/configuration.rb:228:in `call'
puma (4.3.6) lib/puma/server.rb:713:in `handle_request'
puma (4.3.6) lib/puma/server.rb:472:in `process_client'
puma (4.3.6) lib/puma/server.rb:328:in `block in run'
puma (4.3.6) lib/puma/thread_pool.rb:134:in `block in spawn_thread'
Started GET "/users/new" for ::1 at 2020-11-03 11:02:17 -0800
Processing by UsersController#new as HTML
  Rendering users/new.html.erb within layouts/application
  Rendered users/new.html.erb within layouts/application (Duration: 0.4ms | Allocations: 174)
[Webpacker] Compiling...
[Webpacker] Compiled all packs in /Users/kevinbastoul/Documents/App_Academy/W7D2/MusicApp/public/packs
[Webpacker] Hash: 15d1bb7b54cf6326b9ba
Version: webpack 4.44.2
Time: 1204ms
Built at: 11/03/2020 11:02:19 AM
                                     Asset       Size       Chunks                         Chunk Names
    js/application-9afcbb5693aa87623e69.js    124 KiB  application  [emitted] [immutable]  application
js/application-9afcbb5693aa87623e69.js.map    139 KiB  application  [emitted] [dev]        application
                             manifest.json  364 bytes               [emitted]              
Entrypoint application = js/application-9afcbb5693aa87623e69.js js/application-9afcbb5693aa87623e69.js.map
[./app/javascript/channels sync recursive _channel\.js$] ./app/javascript/channels sync _channel\.js$ 160 bytes {application} [built]
[./app/javascript/channels/index.js] 211 bytes {application} [built]
[./app/javascript/packs/application.js] 749 bytes {application} [built]
[./node_modules/webpack/buildin/module.js] (webpack)/buildin/module.js 552 bytes {application} [built]
    + 3 hidden modules

Completed 200 OK in 2446ms (Views: 2445.4ms | ActiveRecord: 0.0ms | Allocations: 31441)


Started POST "/users" for ::1 at 2020-11-03 11:02:33 -0800
Processing by UsersController#create as HTML
  Parameters: {"user"=>{"email"=>"kaycbas@gmail.com", "password"=>"[FILTERED]"}}
Can't verify CSRF token authenticity.
Completed 422 Unprocessable Entity in 1ms (ActiveRecord: 0.0ms | Allocations: 951)



ActionController::InvalidAuthenticityToken - ActionController::InvalidAuthenticityToken:

Started POST "/__better_errors/b9664fe1e5b5d623/variables" for ::1 at 2020-11-03 11:02:33 -0800
Started GET "/users/new" for ::1 at 2020-11-03 11:04:01 -0800
Processing by UsersController#new as HTML
  Rendering users/new.html.erb within layouts/application
  Rendered users/new.html.erb within layouts/application (Duration: 299.8ms | Allocations: 169857)
Completed 500 Internal Server Error in 303ms (ActiveRecord: 0.0ms | Allocations: 171083)



NameError - undefined local variable or method `session_authenticity_token' for #<#<Class:0x00007fb06762d7b0>:0x00007fb06761fc50>:
  app/views/users/new.html.erb:4
  app/controllers/users_controller.rb:3:in `new'

Started POST "/__better_errors/9c4bea58572f0f62/variables" for ::1 at 2020-11-03 11:04:01 -0800
Started GET "/users/new" for ::1 at 2020-11-03 11:05:44 -0800
Processing by UsersController#new as HTML
  Rendering users/new.html.erb within layouts/application
  Rendered users/new.html.erb within layouts/application (Duration: 0.4ms | Allocations: 195)
[Webpacker] Everything's up-to-date. Nothing to do
Completed 200 OK in 10ms (Views: 9.2ms | ActiveRecord: 0.0ms | Allocations: 6792)


Started POST "/users" for ::1 at 2020-11-03 11:05:54 -0800
Processing by UsersController#create as HTML
  Parameters: {"session"=>{"authenticity_token"=>"GmWt+Y4ztO8kfsf+ewFpA1kB0DqNlaCnmGsAinSldvPgQCovsxH0etftDE2IDUfZATXeynTxRmS0fYnse+oyZA=="}, "user"=>{"email"=>"kaycbas@gmail.com", "password"=>"[FILTERED]"}}
Can't verify CSRF token authenticity.
Completed 422 Unprocessable Entity in 0ms (ActiveRecord: 0.0ms | Allocations: 955)



ActionController::InvalidAuthenticityToken - ActionController::InvalidAuthenticityToken:

Started POST "/__better_errors/304c27ab19c9faa8/variables" for ::1 at 2020-11-03 11:05:54 -0800
Started GET "/users/new" for ::1 at 2020-11-03 11:07:14 -0800
Processing by UsersController#new as HTML
  Rendering users/new.html.erb within layouts/application
  Rendered users/new.html.erb within layouts/application (Duration: 0.5ms | Allocations: 190)
[Webpacker] Everything's up-to-date. Nothing to do
Completed 200 OK in 11ms (Views: 10.2ms | ActiveRecord: 0.0ms | Allocations: 6781)


Started POST "/users" for ::1 at 2020-11-03 11:07:24 -0800
Processing by UsersController#create as HTML
  Parameters: {"authenticity_token"=>"pccE9jZ6VqvF3Pff5JF6GqkXCte0Foug+aHE8NQvmjFf4oMgC1gWPjZPPGwXnVTA8SMEJ01ybWPVt02W22Depg==", "user"=>{"email"=>"kaycbas@gmail.com", "password"=>"[FILTERED]"}}
  [1m[35m (0.2ms)[0m  [1m[35mBEGIN[0m
  ↳ app/controllers/users_controller.rb:8:in `create'
  [1m[36mUser Exists? (1.0ms)[0m  [1m[34mSELECT 1 AS one FROM "users" WHERE "users"."email" = $1 LIMIT $2[0m  [["email", "kaycbas@gmail.com"], ["LIMIT", 1]]
  ↳ app/controllers/users_controller.rb:8:in `create'
  [1m[36mUser Exists? (0.2ms)[0m  [1m[34mSELECT 1 AS one FROM "users" WHERE "users"."session_token" = $1 LIMIT $2[0m  [["session_token", "a0P37pftrOnvaIC_hS0UeQ"], ["LIMIT", 1]]
  ↳ app/controllers/users_controller.rb:8:in `create'
  [1m[36mUser Create (0.3ms)[0m  [1m[32mINSERT INTO "users" ("email", "password_digest", "session_token", "created_at", "updated_at") VALUES ($1, $2, $3, $4, $5) RETURNING "id"[0m  [["email", "kaycbas@gmail.com"], ["password_digest", "$2a$12$vNzVSTcakUi36t9cc89YTeuzycdRxs78IpDyrU1AZ31yZv0/91yPe"], ["session_token", "a0P37pftrOnvaIC_hS0UeQ"], ["created_at", "2020-11-03 19:07:24.855735"], ["updated_at", "2020-11-03 19:07:24.855735"]]
  ↳ app/controllers/users_controller.rb:8:in `create'
  [1m[35m (1.3ms)[0m  [1m[35mCOMMIT[0m
  ↳ app/controllers/users_controller.rb:8:in `create'
Completed 500 Internal Server Error in 295ms (ActiveRecord: 9.6ms | Allocations: 73374)



NoMethodError - undefined method `user_url' for #<UsersController:0x00007fb046d62a60>
Did you mean?  users_url:
  app/controllers/users_controller.rb:9:in `create'

Started POST "/__better_errors/751143978ccf305d/variables" for ::1 at 2020-11-03 11:07:25 -0800
Started GET "/users" for ::1 at 2020-11-03 11:08:13 -0800
  
ActionController::RoutingError (No route matches [GET] "/users"):
  
actionpack (6.0.3.4) lib/action_dispatch/middleware/debug_exceptions.rb:36:in `call'
web-console (4.0.4) lib/web_console/middleware.rb:132:in `call_app'
web-console (4.0.4) lib/web_console/middleware.rb:28:in `block in call'
web-console (4.0.4) lib/web_console/middleware.rb:17:in `catch'
web-console (4.0.4) lib/web_console/middleware.rb:17:in `call'
actionpack (6.0.3.4) lib/action_dispatch/middleware/show_exceptions.rb:33:in `call'
railties (6.0.3.4) lib/rails/rack/logger.rb:37:in `call_app'
railties (6.0.3.4) lib/rails/rack/logger.rb:26:in `block in call'
activesupport (6.0.3.4) lib/active_support/tagged_logging.rb:80:in `block in tagged'
activesupport (6.0.3.4) lib/active_support/tagged_logging.rb:28:in `tagged'
activesupport (6.0.3.4) lib/active_support/tagged_logging.rb:80:in `tagged'
railties (6.0.3.4) lib/rails/rack/logger.rb:26:in `call'
sprockets-rails (3.2.2) lib/sprockets/rails/quiet_assets.rb:13:in `call'
actionpack (6.0.3.4) lib/action_dispatch/middleware/remote_ip.rb:81:in `call'
actionpack (6.0.3.4) lib/action_dispatch/middleware/request_id.rb:27:in `call'
rack (2.2.3) lib/rack/method_override.rb:24:in `call'
rack (2.2.3) lib/rack/runtime.rb:22:in `call'
activesupport (6.0.3.4) lib/active_support/cache/strategy/local_cache_middleware.rb:29:in `call'
actionpack (6.0.3.4) lib/action_dispatch/middleware/executor.rb:14:in `call'
actionpack (6.0.3.4) lib/action_dispatch/middleware/static.rb:126:in `call'
rack (2.2.3) lib/rack/sendfile.rb:110:in `call'
actionpack (6.0.3.4) lib/action_dispatch/middleware/host_authorization.rb:82:in `call'
webpacker (4.3.0) lib/webpacker/dev_server_proxy.rb:23:in `perform_request'
rack-proxy (0.6.5) lib/rack/proxy.rb:57:in `call'
railties (6.0.3.4) lib/rails/engine.rb:527:in `call'
puma (4.3.6) lib/puma/configuration.rb:228:in `call'
puma (4.3.6) lib/puma/server.rb:713:in `handle_request'
puma (4.3.6) lib/puma/server.rb:472:in `process_client'
puma (4.3.6) lib/puma/server.rb:328:in `block in run'
puma (4.3.6) lib/puma/thread_pool.rb:134:in `block in spawn_thread'
Started GET "/users/new" for ::1 at 2020-11-03 11:08:16 -0800
Processing by UsersController#new as HTML
  Rendering users/new.html.erb within layouts/application
  Rendered users/new.html.erb within layouts/application (Duration: 0.2ms | Allocations: 62)
[Webpacker] Everything's up-to-date. Nothing to do
Completed 200 OK in 9ms (Views: 7.9ms | ActiveRecord: 0.0ms | Allocations: 5881)


Started POST "/users" for ::1 at 2020-11-03 11:08:27 -0800
Processing by UsersController#create as HTML
  Parameters: {"authenticity_token"=>"2FnZsZieHic6Y+vOzA/tPikxCQKXH48w8fcSmaLZWswifF5npbxessnwIH0/A8PkcQUH8m57afPd4Zv/rZYeWw==", "user"=>{"email"=>"kaycbas@gmail.com", "password"=>"[FILTERED]"}}
  [1m[35m (0.2ms)[0m  [1m[35mBEGIN[0m
  ↳ app/controllers/users_controller.rb:8:in `create'
  [1m[36mUser Exists? (0.3ms)[0m  [1m[34mSELECT 1 AS one FROM "users" WHERE "users"."email" = $1 LIMIT $2[0m  [["email", "kaycbas@gmail.com"], ["LIMIT", 1]]
  ↳ app/controllers/users_controller.rb:8:in `create'
  [1m[36mUser Exists? (0.3ms)[0m  [1m[34mSELECT 1 AS one FROM "users" WHERE "users"."session_token" = $1 LIMIT $2[0m  [["session_token", "bb-EPbmWpQe6b44cZIDytg"], ["LIMIT", 1]]
  ↳ app/controllers/users_controller.rb:8:in `create'
  [1m[35m (0.1ms)[0m  [1m[31mROLLBACK[0m
  ↳ app/controllers/users_controller.rb:8:in `create'
  Rendering users/new.html.erb within layouts/application
  Rendered users/new.html.erb within layouts/application (Duration: 0.1ms | Allocations: 52)
[Webpacker] Everything's up-to-date. Nothing to do
Completed 200 OK in 222ms (Views: 5.9ms | ActiveRecord: 6.4ms | Allocations: 19190)


Started POST "/users" for ::1 at 2020-11-03 11:08:38 -0800
Processing by UsersController#create as HTML
  Parameters: {"authenticity_token"=>"luqQm+a/R4b0AiON1E2D7t8uAZapp2ZonCxFf2LV3LVszxdN250HEweR6D4nQa00hxoPZlDDgKuwOswZbZqYIg==", "user"=>{"email"=>"kaycbas@outlook.com", "password"=>"[FILTERED]"}}
  [1m[35m (0.1ms)[0m  [1m[35mBEGIN[0m
  ↳ app/controllers/users_controller.rb:8:in `create'
  [1m[36mUser Exists? (0.3ms)[0m  [1m[34mSELECT 1 AS one FROM "users" WHERE "users"."email" = $1 LIMIT $2[0m  [["email", "kaycbas@outlook.com"], ["LIMIT", 1]]
  ↳ app/controllers/users_controller.rb:8:in `create'
  [1m[36mUser Exists? (0.2ms)[0m  [1m[34mSELECT 1 AS one FROM "users" WHERE "users"."session_token" = $1 LIMIT $2[0m  [["session_token", "b9i3izDGXSb27SYzmCF_aw"], ["LIMIT", 1]]
  ↳ app/controllers/users_controller.rb:8:in `create'
  [1m[36mUser Create (0.3ms)[0m  [1m[32mINSERT INTO "users" ("email", "password_digest", "session_token", "created_at", "updated_at") VALUES ($1, $2, $3, $4, $5) RETURNING "id"[0m  [["email", "kaycbas@outlook.com"], ["password_digest", "$2a$12$8uQlAi8YFc8cVvr9lYxS8uTR2cOwzaaSyqsPVa1gL6d2I00wqmZwG"], ["session_token", "b9i3izDGXSb27SYzmCF_aw"], ["created_at", "2020-11-03 19:08:38.953202"], ["updated_at", "2020-11-03 19:08:38.953202"]]
  ↳ app/controllers/users_controller.rb:8:in `create'
  [1m[35m (0.7ms)[0m  [1m[35mCOMMIT[0m
  ↳ app/controllers/users_controller.rb:8:in `create'
Redirected to http://localhost:3000/users/4
Completed 302 Found in 199ms (ActiveRecord: 1.6ms | Allocations: 5069)


Started GET "/users/4" for ::1 at 2020-11-03 11:08:38 -0800
Processing by UsersController#show as HTML
  Parameters: {"id"=>"4"}
  [1m[36mUser Load (0.2ms)[0m  [1m[34mSELECT "users".* FROM "users" WHERE "users"."id" = $1 LIMIT $2[0m  [["id", 4], ["LIMIT", 1]]
  ↳ app/controllers/users_controller.rb:16:in `show'
  Rendering users/show.html.erb within layouts/application
  Rendered users/show.html.erb within layouts/application (Duration: 0.2ms | Allocations: 141)
[Webpacker] Everything's up-to-date. Nothing to do
Completed 200 OK in 8ms (Views: 6.7ms | ActiveRecord: 0.3ms | Allocations: 6764)


Started GET "/users/4" for ::1 at 2020-11-03 11:09:00 -0800
Processing by UsersController#show as HTML
  Parameters: {"id"=>"4"}
  [1m[36mUser Load (0.3ms)[0m  [1m[34mSELECT "users".* FROM "users" WHERE "users"."id" = $1 LIMIT $2[0m  [["id", 4], ["LIMIT", 1]]
  ↳ app/controllers/users_controller.rb:16:in `show'
  Rendering users/show.html.erb within layouts/application
  Rendered users/show.html.erb within layouts/application (Duration: 0.3ms | Allocations: 105)
[Webpacker] Everything's up-to-date. Nothing to do
Completed 200 OK in 13ms (Views: 11.8ms | ActiveRecord: 0.3ms | Allocations: 7325)


Started GET "/users/4" for ::1 at 2020-11-03 11:09:14 -0800
Processing by UsersController#show as HTML
  Parameters: {"id"=>"4"}
  [1m[36mUser Load (0.4ms)[0m  [1m[34mSELECT "users".* FROM "users" WHERE "users"."id" = $1 LIMIT $2[0m  [["id", 4], ["LIMIT", 1]]
  ↳ app/controllers/users_controller.rb:16:in `show'
  Rendering users/show.html.erb within layouts/application
  Rendered users/show.html.erb within layouts/application (Duration: 0.3ms | Allocations: 113)
[Webpacker] Everything's up-to-date. Nothing to do
Completed 200 OK in 11ms (Views: 9.6ms | ActiveRecord: 0.4ms | Allocations: 7321)


Started GET "/users//new" for ::1 at 2020-11-03 11:11:19 -0800
Processing by UsersController#new as HTML
  Rendering users/new.html.erb within layouts/application
  Rendered users/new.html.erb within layouts/application (Duration: 0.4ms | Allocations: 199)
[Webpacker] Everything's up-to-date. Nothing to do
Completed 200 OK in 8ms (Views: 7.4ms | ActiveRecord: 0.0ms | Allocations: 6749)


Started POST "/users" for ::1 at 2020-11-03 11:11:29 -0800
Processing by UsersController#create as HTML
  Parameters: {"authenticity_token"=>"j6lnTHCVyxKzTPqebSi9pBvPO/RYmBYKnx+L3/L6BEF1jOCaTbeLh0DfMS2eJJN+Q/s1BKH88MmzCQK5/bVA1g==", "user"=>{"email"=>"test@gmail.com", "password"=>"[FILTERED]"}}
  [1m[35m (0.1ms)[0m  [1m[35mBEGIN[0m
  ↳ app/controllers/users_controller.rb:8:in `create'
  [1m[36mUser Exists? (0.2ms)[0m  [1m[34mSELECT 1 AS one FROM "users" WHERE "users"."email" = $1 LIMIT $2[0m  [["email", "test@gmail.com"], ["LIMIT", 1]]
  ↳ app/controllers/users_controller.rb:8:in `create'
  [1m[36mUser Exists? (0.2ms)[0m  [1m[34mSELECT 1 AS one FROM "users" WHERE "users"."session_token" = $1 LIMIT $2[0m  [["session_token", "Y3Jy0yxlWRInpPsujClM3Q"], ["LIMIT", 1]]
  ↳ app/controllers/users_controller.rb:8:in `create'
  [1m[36mUser Create (0.3ms)[0m  [1m[32mINSERT INTO "users" ("email", "password_digest", "session_token", "created_at", "updated_at") VALUES ($1, $2, $3, $4, $5) RETURNING "id"[0m  [["email", "test@gmail.com"], ["password_digest", "$2a$12$KRUhKQYAuZO.G0Ww/K6lnuiLOoAbSl2mU.6xu.qE95gCvuoC7a8MG"], ["session_token", "Y3Jy0yxlWRInpPsujClM3Q"], ["created_at", "2020-11-03 19:11:29.221414"], ["updated_at", "2020-11-03 19:11:29.221414"]]
  ↳ app/controllers/users_controller.rb:8:in `create'
  [1m[35m (0.6ms)[0m  [1m[35mCOMMIT[0m
  ↳ app/controllers/users_controller.rb:8:in `create'
Redirected to http://localhost:3000/users/5
Completed 302 Found in 204ms (ActiveRecord: 6.6ms | Allocations: 10265)


Started GET "/users/5" for ::1 at 2020-11-03 11:11:29 -0800
Processing by UsersController#show as HTML
  Parameters: {"id"=>"5"}
  [1m[36mUser Load (0.4ms)[0m  [1m[34mSELECT "users".* FROM "users" WHERE "users"."id" = $1 LIMIT $2[0m  [["id", 5], ["LIMIT", 1]]
  ↳ app/controllers/users_controller.rb:16:in `show'
  Rendering users/show.html.erb within layouts/application
  Rendered users/show.html.erb within layouts/application (Duration: 0.2ms | Allocations: 109)
[Webpacker] Everything's up-to-date. Nothing to do
Completed 200 OK in 8ms (Views: 5.6ms | ActiveRecord: 0.4ms | Allocations: 6657)


Started GET "/users/5" for ::1 at 2020-11-03 11:24:40 -0800
Processing by UsersController#show as HTML
  Parameters: {"id"=>"5"}
  [1m[36mUser Load (0.5ms)[0m  [1m[34mSELECT "users".* FROM "users" WHERE "users"."id" = $1 LIMIT $2[0m  [["id", 5], ["LIMIT", 1]]
  ↳ app/controllers/users_controller.rb:16:in `show'
  Rendering users/show.html.erb within layouts/application
  Rendered users/show.html.erb within layouts/application (Duration: 0.3ms | Allocations: 115)
[Webpacker] Everything's up-to-date. Nothing to do
Completed 200 OK in 30ms (Views: 22.4ms | ActiveRecord: 0.6ms | Allocations: 24574)


Started GET "/users/new" for ::1 at 2020-11-03 11:24:43 -0800
Processing by UsersController#new as HTML
  Rendering users/new.html.erb within layouts/application
  Rendered users/new.html.erb within layouts/application (Duration: 0.4ms | Allocations: 192)
[Webpacker] Everything's up-to-date. Nothing to do
Completed 200 OK in 10ms (Views: 9.4ms | ActiveRecord: 0.0ms | Allocations: 6074)


Started GET "/session/new" for ::1 at 2020-11-03 11:24:50 -0800
Processing by SessionsController#new as HTML
  Rendering sessions/new.html.erb within layouts/application
  Rendered sessions/new.html.erb within layouts/application (Duration: 0.4ms | Allocations: 199)
[Webpacker] Everything's up-to-date. Nothing to do
Completed 200 OK in 8ms (Views: 7.7ms | ActiveRecord: 0.0ms | Allocations: 6507)


Started POST "/session" for ::1 at 2020-11-03 11:25:03 -0800
Processing by SessionsController#create as HTML
  Parameters: {"authenticity_token"=>"jTkXfklA6UEUpPef+x6Rbl4Ge/z960Py/lTftcaiD0x3HJCodGKp1Oc3PCwIEr+0BjJ1DASPpTHSQlbTye1L2w==", "user"=>{"email"=>"kaycbas@gmail.com", "password"=>"[FILTERED]"}}
  [1m[36mUser Load (0.3ms)[0m  [1m[34mSELECT "users".* FROM "users" WHERE "users"."email" = $1 LIMIT $2[0m  [["email", "kaycbas@gmail.com"], ["LIMIT", 1]]
  ↳ app/models/user.rb:22:in `find_by_credentials'
  [1m[35m (0.1ms)[0m  [1m[35mBEGIN[0m
  ↳ app/models/user.rb:38:in `reset_session_token!'
  [1m[36mUser Exists? (0.3ms)[0m  [1m[34mSELECT 1 AS one FROM "users" WHERE "users"."email" = $1 AND "users"."id" != $2 LIMIT $3[0m  [["email", "kaycbas@gmail.com"], ["id", 3], ["LIMIT", 1]]
  ↳ app/models/user.rb:38:in `reset_session_token!'
  [1m[36mUser Exists? (0.2ms)[0m  [1m[34mSELECT 1 AS one FROM "users" WHERE "users"."session_token" = $1 AND "users"."id" != $2 LIMIT $3[0m  [["session_token", "UHdphbMOtZrEmME8j_frkQ"], ["id", 3], ["LIMIT", 1]]
  ↳ app/models/user.rb:38:in `reset_session_token!'
  [1m[36mUser Update (0.4ms)[0m  [1m[33mUPDATE "users" SET "session_token" = $1, "updated_at" = $2 WHERE "users"."id" = $3[0m  [["session_token", "UHdphbMOtZrEmME8j_frkQ"], ["updated_at", "2020-11-03 19:25:03.955822"], ["id", 3]]
  ↳ app/models/user.rb:38:in `reset_session_token!'
  [1m[35m (0.5ms)[0m  [1m[35mCOMMIT[0m
  ↳ app/models/user.rb:38:in `reset_session_token!'
Completed 500 Internal Server Error in 271ms (ActiveRecord: 1.9ms | Allocations: 70960)



NoMethodError - undefined method `user_show' for #<SessionsController:0x00007fb076906f90>
Did you mean?  users_path:
  app/controllers/sessions_controller.rb:10:in `create'

Started POST "/__better_errors/7690c3399548198a/variables" for ::1 at 2020-11-03 11:25:04 -0800
Started GET "/session/new" for ::1 at 2020-11-03 11:25:20 -0800
Processing by SessionsController#new as HTML
  Rendering sessions/new.html.erb within layouts/application
  Rendered sessions/new.html.erb within layouts/application (Duration: 0.1ms | Allocations: 64)
[Webpacker] Everything's up-to-date. Nothing to do
Completed 200 OK in 7ms (Views: 6.3ms | ActiveRecord: 0.0ms | Allocations: 5911)


Started POST "/session" for ::1 at 2020-11-03 11:25:32 -0800
Processing by SessionsController#create as HTML
  Parameters: {"authenticity_token"=>"LFguGZSb2U5VZTL3TuNn8j1mfLQV+KY7A3GUKSlrzo/WfanPqbmZ26b2+US970koZVJyROycQPgvZx1PJiSKGA==", "user"=>{"email"=>"kaycbas@gmail.com", "password"=>"[FILTERED]"}}
  [1m[36mUser Load (0.3ms)[0m  [1m[34mSELECT "users".* FROM "users" WHERE "users"."email" = $1 LIMIT $2[0m  [["email", "kaycbas@gmail.com"], ["LIMIT", 1]]
  ↳ app/models/user.rb:22:in `find_by_credentials'
  [1m[35m (0.1ms)[0m  [1m[35mBEGIN[0m
  ↳ app/models/user.rb:38:in `reset_session_token!'
  [1m[36mUser Exists? (0.3ms)[0m  [1m[34mSELECT 1 AS one FROM "users" WHERE "users"."email" = $1 AND "users"."id" != $2 LIMIT $3[0m  [["email", "kaycbas@gmail.com"], ["id", 3], ["LIMIT", 1]]
  ↳ app/models/user.rb:38:in `reset_session_token!'
  [1m[36mUser Exists? (0.2ms)[0m  [1m[34mSELECT 1 AS one FROM "users" WHERE "users"."session_token" = $1 AND "users"."id" != $2 LIMIT $3[0m  [["session_token", "WAOv_Y36wUwn54IwaDTUJQ"], ["id", 3], ["LIMIT", 1]]
  ↳ app/models/user.rb:38:in `reset_session_token!'
  [1m[36mUser Update (0.3ms)[0m  [1m[33mUPDATE "users" SET "session_token" = $1, "updated_at" = $2 WHERE "users"."id" = $3[0m  [["session_token", "WAOv_Y36wUwn54IwaDTUJQ"], ["updated_at", "2020-11-03 19:25:32.790651"], ["id", 3]]
  ↳ app/models/user.rb:38:in `reset_session_token!'
  [1m[35m (0.3ms)[0m  [1m[35mCOMMIT[0m
  ↳ app/models/user.rb:38:in `reset_session_token!'
Redirected to http://localhost:3000/users/3
Completed 302 Found in 212ms (ActiveRecord: 8.4ms | Allocations: 10992)


Started GET "/users/3" for ::1 at 2020-11-03 11:25:32 -0800
Processing by UsersController#show as HTML
  Parameters: {"id"=>"3"}
  [1m[36mUser Load (0.2ms)[0m  [1m[34mSELECT "users".* FROM "users" WHERE "users"."id" = $1 LIMIT $2[0m  [["id", 3], ["LIMIT", 1]]
  ↳ app/controllers/users_controller.rb:16:in `show'
  Rendering users/show.html.erb within layouts/application
  Rendered users/show.html.erb within layouts/application (Duration: 0.0ms | Allocations: 7)
[Webpacker] Everything's up-to-date. Nothing to do
Completed 200 OK in 8ms (Views: 6.3ms | ActiveRecord: 0.2ms | Allocations: 6640)


Started GET "/" for ::1 at 2020-11-03 11:44:05 -0800
Processing by Rails::WelcomeController#index as HTML
  Rendering /Users/kevinbastoul/.rbenv/versions/2.5.1/lib/ruby/gems/2.5.0/gems/railties-6.0.3.4/lib/rails/templates/rails/welcome/index.html.erb
  Rendered /Users/kevinbastoul/.rbenv/versions/2.5.1/lib/ruby/gems/2.5.0/gems/railties-6.0.3.4/lib/rails/templates/rails/welcome/index.html.erb (Duration: 4.4ms | Allocations: 201)
Completed 200 OK in 10ms (Views: 5.0ms | ActiveRecord: 0.0ms | Allocations: 4391)


Started GET "/users/3" for ::1 at 2020-11-03 11:51:33 -0800
Processing by UsersController#show as HTML
  Parameters: {"id"=>"3"}
  [1m[36mUser Load (0.6ms)[0m  [1m[34mSELECT "users".* FROM "users" WHERE "users"."id" = $1 LIMIT $2[0m  [["id", 3], ["LIMIT", 1]]
  ↳ app/controllers/users_controller.rb:16:in `show'
  Rendering users/show.html.erb within layouts/application
  Rendered users/show.html.erb within layouts/application (Duration: 0.0ms | Allocations: 8)
[Webpacker] Everything's up-to-date. Nothing to do
Completed 200 OK in 14ms (Views: 6.2ms | ActiveRecord: 0.8ms | Allocations: 11615)


Started GET "/users" for ::1 at 2020-11-03 11:51:36 -0800
  
ActionController::RoutingError (No route matches [GET] "/users"):
  
actionpack (6.0.3.4) lib/action_dispatch/middleware/debug_exceptions.rb:36:in `call'
web-console (4.0.4) lib/web_console/middleware.rb:132:in `call_app'
web-console (4.0.4) lib/web_console/middleware.rb:28:in `block in call'
web-console (4.0.4) lib/web_console/middleware.rb:17:in `catch'
web-console (4.0.4) lib/web_console/middleware.rb:17:in `call'
actionpack (6.0.3.4) lib/action_dispatch/middleware/show_exceptions.rb:33:in `call'
railties (6.0.3.4) lib/rails/rack/logger.rb:37:in `call_app'
railties (6.0.3.4) lib/rails/rack/logger.rb:26:in `block in call'
activesupport (6.0.3.4) lib/active_support/tagged_logging.rb:80:in `block in tagged'
activesupport (6.0.3.4) lib/active_support/tagged_logging.rb:28:in `tagged'
activesupport (6.0.3.4) lib/active_support/tagged_logging.rb:80:in `tagged'
railties (6.0.3.4) lib/rails/rack/logger.rb:26:in `call'
sprockets-rails (3.2.2) lib/sprockets/rails/quiet_assets.rb:13:in `call'
actionpack (6.0.3.4) lib/action_dispatch/middleware/remote_ip.rb:81:in `call'
actionpack (6.0.3.4) lib/action_dispatch/middleware/request_id.rb:27:in `call'
rack (2.2.3) lib/rack/method_override.rb:24:in `call'
rack (2.2.3) lib/rack/runtime.rb:22:in `call'
activesupport (6.0.3.4) lib/active_support/cache/strategy/local_cache_middleware.rb:29:in `call'
actionpack (6.0.3.4) lib/action_dispatch/middleware/executor.rb:14:in `call'
actionpack (6.0.3.4) lib/action_dispatch/middleware/static.rb:126:in `call'
rack (2.2.3) lib/rack/sendfile.rb:110:in `call'
actionpack (6.0.3.4) lib/action_dispatch/middleware/host_authorization.rb:82:in `call'
webpacker (4.3.0) lib/webpacker/dev_server_proxy.rb:23:in `perform_request'
rack-proxy (0.6.5) lib/rack/proxy.rb:57:in `call'
railties (6.0.3.4) lib/rails/engine.rb:527:in `call'
puma (4.3.6) lib/puma/configuration.rb:228:in `call'
puma (4.3.6) lib/puma/server.rb:713:in `handle_request'
puma (4.3.6) lib/puma/server.rb:472:in `process_client'
puma (4.3.6) lib/puma/server.rb:328:in `block in run'
puma (4.3.6) lib/puma/thread_pool.rb:134:in `block in spawn_thread'
Started GET "/session/new" for ::1 at 2020-11-03 11:51:38 -0800
Processing by SessionsController#new as HTML
  Rendering sessions/new.html.erb within layouts/application
  Rendered sessions/new.html.erb within layouts/application (Duration: 0.1ms | Allocations: 64)
[Webpacker] Everything's up-to-date. Nothing to do
Completed 200 OK in 7ms (Views: 6.4ms | ActiveRecord: 0.0ms | Allocations: 5966)


Started POST "/session" for ::1 at 2020-11-03 11:51:48 -0800
Processing by SessionsController#create as HTML
  Parameters: {"authenticity_token"=>"GvsTyaRBXTQvkCqBhnsRk0bJK54aScgvOZzot71OTwbg3pQfmWMdodwD4TJ1dz9JHv0lbuMtLuwVimHRsgELkQ==", "user"=>{"email"=>"kb", "password"=>"[FILTERED]"}}
  [1m[36mUser Load (0.3ms)[0m  [1m[34mSELECT "users".* FROM "users" WHERE "users"."email" = $1 LIMIT $2[0m  [["email", "kb"], ["LIMIT", 1]]
  ↳ app/models/user.rb:22:in `find_by_credentials'
Redirected to http://localhost:3000/session/new
Completed 302 Found in 2ms (ActiveRecord: 0.3ms | Allocations: 1112)


Started GET "/session/new" for ::1 at 2020-11-03 11:51:48 -0800
Processing by SessionsController#new as HTML
  Rendering sessions/new.html.erb within layouts/application
  Rendered sessions/new.html.erb within layouts/application (Duration: 0.2ms | Allocations: 57)
[Webpacker] Everything's up-to-date. Nothing to do
Completed 200 OK in 7ms (Views: 6.3ms | ActiveRecord: 0.0ms | Allocations: 5799)


Started POST "/session" for ::1 at 2020-11-03 11:52:01 -0800
Processing by SessionsController#create as HTML
  Parameters: {"authenticity_token"=>"qWDhvYny8QCB1hmquUr1Q54lWSYyZREhjPZq1ZqUzmdTRWZrtNCxlXJF0hlKRtuZxhFX1ssB9+Kg4OOzlduK8A==", "user"=>{"email"=>"kb@gmail.com", "password"=>"[FILTERED]"}}
  [1m[36mUser Load (0.3ms)[0m  [1m[34mSELECT "users".* FROM "users" WHERE "users"."email" = $1 LIMIT $2[0m  [["email", "kb@gmail.com"], ["LIMIT", 1]]
  ↳ app/models/user.rb:22:in `find_by_credentials'
Redirected to http://localhost:3000/session/new
Completed 302 Found in 2ms (ActiveRecord: 0.3ms | Allocations: 989)


Started GET "/session/new" for ::1 at 2020-11-03 11:52:01 -0800
Processing by SessionsController#new as HTML
  Rendering sessions/new.html.erb within layouts/application
  Rendered sessions/new.html.erb within layouts/application (Duration: 0.1ms | Allocations: 57)
[Webpacker] Everything's up-to-date. Nothing to do
Completed 200 OK in 6ms (Views: 6.1ms | ActiveRecord: 0.0ms | Allocations: 5797)


Started POST "/session" for ::1 at 2020-11-03 11:52:16 -0800
Processing by SessionsController#create as HTML
  Parameters: {"authenticity_token"=>"trgKK7tsXD42FkOwCBFS5I3bE9ikUelOTqBq+qBj+/VMnY39hk4cq8WFiAP7HXw+1e8dKF01D41ituOcryy/Yg==", "user"=>{"email"=>"kaycbas@gmail.com", "password"=>"[FILTERED]"}}
  [1m[36mUser Load (0.3ms)[0m  [1m[34mSELECT "users".* FROM "users" WHERE "users"."email" = $1 LIMIT $2[0m  [["email", "kaycbas@gmail.com"], ["LIMIT", 1]]
  ↳ app/models/user.rb:22:in `find_by_credentials'
Completed 500 Internal Server Error in 265ms (ActiveRecord: 0.3ms | Allocations: 66104)



NoMethodError - undefined method `login' for #<SessionsController:0x00007fb086c2b620>
Did you mean?  login!:
  app/controllers/sessions_controller.rb:9:in `create'

Started POST "/__better_errors/7ff7c31f29a7aba7/variables" for ::1 at 2020-11-03 11:52:16 -0800
Started GET "/session/new" for ::1 at 2020-11-03 11:52:44 -0800
Processing by SessionsController#new as HTML
  Rendering sessions/new.html.erb within layouts/application
  Rendered sessions/new.html.erb within layouts/application (Duration: 0.2ms | Allocations: 64)
[Webpacker] Everything's up-to-date. Nothing to do
Completed 200 OK in 7ms (Views: 6.4ms | ActiveRecord: 0.0ms | Allocations: 5912)


Started POST "/session" for ::1 at 2020-11-03 11:52:51 -0800
Processing by SessionsController#create as HTML
  Parameters: {"authenticity_token"=>"nkrh9csfldpMrlpBJ3PlosYIr1nlIglhvN5f9dcmyjdkb2Yj9j3VT789kfLUf8t4njyhqRxG76KQyNaT2GmOoA==", "user"=>{"email"=>"kaycbas@gmail.com", "password"=>"[FILTERED]"}}
  [1m[36mUser Load (0.2ms)[0m  [1m[34mSELECT "users".* FROM "users" WHERE "users"."email" = $1 LIMIT $2[0m  [["email", "kaycbas@gmail.com"], ["LIMIT", 1]]
  ↳ app/models/user.rb:22:in `find_by_credentials'
  [1m[35m (0.2ms)[0m  [1m[35mBEGIN[0m
  ↳ app/models/user.rb:38:in `reset_session_token!'
  [1m[36mUser Exists? (0.3ms)[0m  [1m[34mSELECT 1 AS one FROM "users" WHERE "users"."email" = $1 AND "users"."id" != $2 LIMIT $3[0m  [["email", "kaycbas@gmail.com"], ["id", 3], ["LIMIT", 1]]
  ↳ app/models/user.rb:38:in `reset_session_token!'
  [1m[36mUser Exists? (0.4ms)[0m  [1m[34mSELECT 1 AS one FROM "users" WHERE "users"."session_token" = $1 AND "users"."id" != $2 LIMIT $3[0m  [["session_token", "POKmeQcVNe4fjc3cU5tTVg"], ["id", 3], ["LIMIT", 1]]
  ↳ app/models/user.rb:38:in `reset_session_token!'
  [1m[36mUser Update (1.0ms)[0m  [1m[33mUPDATE "users" SET "session_token" = $1, "updated_at" = $2 WHERE "users"."id" = $3[0m  [["session_token", "POKmeQcVNe4fjc3cU5tTVg"], ["updated_at", "2020-11-03 19:52:51.437195"], ["id", 3]]
  ↳ app/models/user.rb:38:in `reset_session_token!'
  [1m[35m (0.6ms)[0m  [1m[35mCOMMIT[0m
  ↳ app/models/user.rb:38:in `reset_session_token!'
Redirected to http://localhost:3000/users/3
Completed 302 Found in 214ms (ActiveRecord: 9.9ms | Allocations: 11006)


Started GET "/users/3" for ::1 at 2020-11-03 11:52:51 -0800
Processing by UsersController#show as HTML
  Parameters: {"id"=>"3"}
  [1m[36mUser Load (0.2ms)[0m  [1m[34mSELECT "users".* FROM "users" WHERE "users"."id" = $1 LIMIT $2[0m  [["id", 3], ["LIMIT", 1]]
  ↳ app/controllers/users_controller.rb:16:in `show'
  Rendering users/show.html.erb within layouts/application
  Rendered users/show.html.erb within layouts/application (Duration: 0.0ms | Allocations: 7)
[Webpacker] Everything's up-to-date. Nothing to do
Completed 200 OK in 7ms (Views: 5.8ms | ActiveRecord: 0.2ms | Allocations: 6641)


Started GET "/users/2" for ::1 at 2020-11-03 11:53:06 -0800
Processing by UsersController#show as HTML
  Parameters: {"id"=>"2"}
  [1m[36mUser Load (0.2ms)[0m  [1m[34mSELECT "users".* FROM "users" WHERE "users"."id" = $1 LIMIT $2[0m  [["id", 2], ["LIMIT", 1]]
  ↳ app/controllers/users_controller.rb:16:in `show'
  Rendering users/show.html.erb within layouts/application
  Rendered users/show.html.erb within layouts/application (Duration: 0.0ms | Allocations: 7)
[Webpacker] Everything's up-to-date. Nothing to do
Completed 200 OK in 8ms (Views: 6.4ms | ActiveRecord: 0.2ms | Allocations: 6361)


Started GET "/users/12" for ::1 at 2020-11-03 11:53:10 -0800
Processing by UsersController#show as HTML
  Parameters: {"id"=>"12"}
  [1m[36mUser Load (0.3ms)[0m  [1m[34mSELECT "users".* FROM "users" WHERE "users"."id" = $1 LIMIT $2[0m  [["id", 12], ["LIMIT", 1]]
  ↳ app/controllers/users_controller.rb:16:in `show'
  Rendering users/new.html.erb within layouts/application
  Rendered users/new.html.erb within layouts/application (Duration: 0.2ms | Allocations: 63)
[Webpacker] Everything's up-to-date. Nothing to do
Completed 200 OK in 8ms (Views: 6.5ms | ActiveRecord: 0.3ms | Allocations: 6403)


Started GET "/users/1" for ::1 at 2020-11-03 11:53:13 -0800
Processing by UsersController#show as HTML
  Parameters: {"id"=>"1"}
  [1m[36mUser Load (0.2ms)[0m  [1m[34mSELECT "users".* FROM "users" WHERE "users"."id" = $1 LIMIT $2[0m  [["id", 1], ["LIMIT", 1]]
  ↳ app/controllers/users_controller.rb:16:in `show'
  Rendering users/show.html.erb within layouts/application
  Rendered users/show.html.erb within layouts/application (Duration: 0.0ms | Allocations: 7)
[Webpacker] Everything's up-to-date. Nothing to do
Completed 200 OK in 8ms (Views: 6.3ms | ActiveRecord: 0.2ms | Allocations: 6359)


Started GET "/users/4" for ::1 at 2020-11-03 11:53:17 -0800
Processing by UsersController#show as HTML
  Parameters: {"id"=>"4"}
  [1m[36mUser Load (0.2ms)[0m  [1m[34mSELECT "users".* FROM "users" WHERE "users"."id" = $1 LIMIT $2[0m  [["id", 4], ["LIMIT", 1]]
  ↳ app/controllers/users_controller.rb:16:in `show'
  Rendering users/show.html.erb within layouts/application
  Rendered users/show.html.erb within layouts/application (Duration: 0.0ms | Allocations: 7)
[Webpacker] Everything's up-to-date. Nothing to do
Completed 200 OK in 8ms (Views: 6.4ms | ActiveRecord: 0.2ms | Allocations: 6362)


Started GET "/users/5" for ::1 at 2020-11-03 11:53:20 -0800
Processing by UsersController#show as HTML
  Parameters: {"id"=>"5"}
  [1m[36mUser Load (0.2ms)[0m  [1m[34mSELECT "users".* FROM "users" WHERE "users"."id" = $1 LIMIT $2[0m  [["id", 5], ["LIMIT", 1]]
  ↳ app/controllers/users_controller.rb:16:in `show'
  Rendering users/show.html.erb within layouts/application
  Rendered users/show.html.erb within layouts/application (Duration: 0.0ms | Allocations: 7)
[Webpacker] Everything's up-to-date. Nothing to do
Completed 200 OK in 8ms (Views: 6.5ms | ActiveRecord: 0.2ms | Allocations: 6359)


Started GET "/users/6" for ::1 at 2020-11-03 11:53:22 -0800
Processing by UsersController#show as HTML
  Parameters: {"id"=>"6"}
  [1m[36mUser Load (0.2ms)[0m  [1m[34mSELECT "users".* FROM "users" WHERE "users"."id" = $1 LIMIT $2[0m  [["id", 6], ["LIMIT", 1]]
  ↳ app/controllers/users_controller.rb:16:in `show'
  Rendering users/new.html.erb within layouts/application
  Rendered users/new.html.erb within layouts/application (Duration: 0.1ms | Allocations: 57)
[Webpacker] Everything's up-to-date. Nothing to do
Completed 200 OK in 10ms (Views: 8.7ms | ActiveRecord: 0.2ms | Allocations: 6393)


Started GET "/users/3" for ::1 at 2020-11-03 11:53:30 -0800
Processing by UsersController#show as HTML
  Parameters: {"id"=>"3"}
  [1m[36mUser Load (0.1ms)[0m  [1m[34mSELECT "users".* FROM "users" WHERE "users"."id" = $1 LIMIT $2[0m  [["id", 3], ["LIMIT", 1]]
  ↳ app/controllers/users_controller.rb:16:in `show'
  Rendering users/show.html.erb within layouts/application
  Rendered users/show.html.erb within layouts/application (Duration: 0.0ms | Allocations: 7)
[Webpacker] Everything's up-to-date. Nothing to do
Completed 200 OK in 7ms (Views: 5.9ms | ActiveRecord: 0.1ms | Allocations: 6360)


Started GET "/users/3" for ::1 at 2020-11-03 11:54:53 -0800
Processing by UsersController#show as HTML
  Parameters: {"id"=>"3"}
  [1m[36mUser Load (0.1ms)[0m  [1m[34mSELECT "users".* FROM "users" WHERE "users"."id" = $1 LIMIT $2[0m  [["id", 3], ["LIMIT", 1]]
  ↳ app/controllers/users_controller.rb:16:in `show'
  Rendering users/show.html.erb within layouts/application
  Rendered users/show.html.erb within layouts/application (Duration: 0.2ms | Allocations: 117)
[Webpacker] Everything's up-to-date. Nothing to do
  [1m[36mUser Load (0.2ms)[0m  [1m[34mSELECT "users".* FROM "users" WHERE "users"."session_token" = $1 LIMIT $2[0m  [["session_token", "POKmeQcVNe4fjc3cU5tTVg"], ["LIMIT", 1]]
  ↳ app/controllers/application_controller.rb:5:in `current_user'
Completed 200 OK in 20ms (Views: 8.9ms | ActiveRecord: 4.3ms | Allocations: 13440)


Started GET "/session/new" for ::1 at 2020-11-03 11:55:03 -0800
Processing by SessionsController#new as HTML
  Rendering sessions/new.html.erb within layouts/application
  Rendered sessions/new.html.erb within layouts/application (Duration: 0.4ms | Allocations: 192)
[Webpacker] Everything's up-to-date. Nothing to do
  [1m[36mUser Load (0.3ms)[0m  [1m[34mSELECT "users".* FROM "users" WHERE "users"."session_token" = $1 LIMIT $2[0m  [["session_token", "POKmeQcVNe4fjc3cU5tTVg"], ["LIMIT", 1]]
  ↳ app/controllers/application_controller.rb:5:in `current_user'
Completed 200 OK in 9ms (Views: 8.6ms | ActiveRecord: 0.3ms | Allocations: 7153)


Started GET "/session/new" for ::1 at 2020-11-03 11:56:44 -0800
Processing by SessionsController#new as HTML
  Rendering sessions/new.html.erb within layouts/application
  Rendered sessions/new.html.erb within layouts/application (Duration: 0.5ms | Allocations: 194)
[Webpacker] Everything's up-to-date. Nothing to do
  [1m[36mUser Load (0.3ms)[0m  [1m[34mSELECT "users".* FROM "users" WHERE "users"."session_token" = $1 LIMIT $2[0m  [["session_token", "POKmeQcVNe4fjc3cU5tTVg"], ["LIMIT", 1]]
  ↳ app/controllers/application_controller.rb:5:in `current_user'
Completed 200 OK in 12ms (Views: 11.5ms | ActiveRecord: 0.3ms | Allocations: 7618)


Started DELETE "/session" for ::1 at 2020-11-03 11:56:46 -0800
Processing by SessionsController#destroy as HTML
Can't verify CSRF token authenticity.
Completed 422 Unprocessable Entity in 1ms (ActiveRecord: 0.0ms | Allocations: 945)



ActionController::InvalidAuthenticityToken - ActionController::InvalidAuthenticityToken:

Started POST "/__better_errors/d7c2ff53c14d4be4/variables" for ::1 at 2020-11-03 11:56:46 -0800
Started GET "/session/new" for ::1 at 2020-11-03 11:57:02 -0800
Processing by SessionsController#new as HTML
  Rendering sessions/new.html.erb within layouts/application
  Rendered sessions/new.html.erb within layouts/application (Duration: 0.6ms | Allocations: 196)
[Webpacker] Everything's up-to-date. Nothing to do
  [1m[36mUser Load (0.4ms)[0m  [1m[34mSELECT "users".* FROM "users" WHERE "users"."session_token" = $1 LIMIT $2[0m  [["session_token", "POKmeQcVNe4fjc3cU5tTVg"], ["LIMIT", 1]]
  ↳ app/controllers/application_controller.rb:5:in `current_user'
Completed 200 OK in 12ms (Views: 10.7ms | ActiveRecord: 0.4ms | Allocations: 7653)


Started DELETE "/session" for ::1 at 2020-11-03 11:57:04 -0800
Processing by SessionsController#destroy as HTML
  Parameters: {"authenticity_token"=>"sHldNQ6vNSDkhpDCt3HOsc+ZapOiFS76hCaWYwBqmytKXNrjM411tRcVW3FEfeBrl61kY1txyDmoMB8FDyXfvA=="}
  [1m[36mUser Load (0.3ms)[0m  [1m[34mSELECT "users".* FROM "users" WHERE "users"."session_token" = $1 LIMIT $2[0m  [["session_token", "POKmeQcVNe4fjc3cU5tTVg"], ["LIMIT", 1]]
  ↳ app/controllers/application_controller.rb:5:in `current_user'
  [1m[35m (0.2ms)[0m  [1m[35mBEGIN[0m
  ↳ app/models/user.rb:38:in `reset_session_token!'
  [1m[36mUser Exists? (0.4ms)[0m  [1m[34mSELECT 1 AS one FROM "users" WHERE "users"."email" = $1 AND "users"."id" != $2 LIMIT $3[0m  [["email", "kaycbas@gmail.com"], ["id", 3], ["LIMIT", 1]]
  ↳ app/models/user.rb:38:in `reset_session_token!'
  [1m[36mUser Exists? (0.3ms)[0m  [1m[34mSELECT 1 AS one FROM "users" WHERE "users"."session_token" = $1 AND "users"."id" != $2 LIMIT $3[0m  [["session_token", "yvFRgP4ofknHJtGLrDOeVA"], ["id", 3], ["LIMIT", 1]]
  ↳ app/models/user.rb:38:in `reset_session_token!'
  [1m[36mUser Update (0.5ms)[0m  [1m[33mUPDATE "users" SET "session_token" = $1, "updated_at" = $2 WHERE "users"."id" = $3[0m  [["session_token", "yvFRgP4ofknHJtGLrDOeVA"], ["updated_at", "2020-11-03 19:57:04.438195"], ["id", 3]]
  ↳ app/models/user.rb:38:in `reset_session_token!'
  [1m[35m (0.5ms)[0m  [1m[35mCOMMIT[0m
  ↳ app/models/user.rb:38:in `reset_session_token!'
Redirected to http://localhost:3000/session/new
Completed 302 Found in 9ms (ActiveRecord: 2.2ms | Allocations: 5661)


Started GET "/session/new" for ::1 at 2020-11-03 11:57:04 -0800
Processing by SessionsController#new as HTML
  Rendering sessions/new.html.erb within layouts/application
  Rendered sessions/new.html.erb within layouts/application (Duration: 0.1ms | Allocations: 57)
[Webpacker] Everything's up-to-date. Nothing to do
  [1m[36mUser Load (0.3ms)[0m  [1m[34mSELECT "users".* FROM "users" WHERE "users"."session_token" IS NULL LIMIT $1[0m  [["LIMIT", 1]]
  ↳ app/controllers/application_controller.rb:5:in `current_user'
Completed 200 OK in 11ms (Views: 10.1ms | ActiveRecord: 0.3ms | Allocations: 6577)


Started POST "/session" for ::1 at 2020-11-03 11:57:14 -0800
Processing by SessionsController#create as HTML
  Parameters: {"authenticity_token"=>"Cous3M8ieG2fpx7pQSVrl7d7ljpcm4E5x75cooZUh2DwrisK8gA4+Gw01VqyKUVN70+YyqX/Z/rrqNXEiRvD9w==", "user"=>{"email"=>"kaycbas@gmail.com", "password"=>"[FILTERED]"}}
  [1m[36mUser Load (0.3ms)[0m  [1m[34mSELECT "users".* FROM "users" WHERE "users"."email" = $1 LIMIT $2[0m  [["email", "kaycbas@gmail.com"], ["LIMIT", 1]]
  ↳ app/models/user.rb:22:in `find_by_credentials'
  [1m[35m (0.2ms)[0m  [1m[35mBEGIN[0m
  ↳ app/models/user.rb:38:in `reset_session_token!'
  [1m[36mUser Exists? (0.4ms)[0m  [1m[34mSELECT 1 AS one FROM "users" WHERE "users"."email" = $1 AND "users"."id" != $2 LIMIT $3[0m  [["email", "kaycbas@gmail.com"], ["id", 3], ["LIMIT", 1]]
  ↳ app/models/user.rb:38:in `reset_session_token!'
  [1m[36mUser Exists? (0.4ms)[0m  [1m[34mSELECT 1 AS one FROM "users" WHERE "users"."session_token" = $1 AND "users"."id" != $2 LIMIT $3[0m  [["session_token", "n0hCi9A-pHyVpoeXMGJ5CA"], ["id", 3], ["LIMIT", 1]]
  ↳ app/models/user.rb:38:in `reset_session_token!'
  [1m[36mUser Update (0.2ms)[0m  [1m[33mUPDATE "users" SET "session_token" = $1, "updated_at" = $2 WHERE "users"."id" = $3[0m  [["session_token", "n0hCi9A-pHyVpoeXMGJ5CA"], ["updated_at", "2020-11-03 19:57:14.843786"], ["id", 3]]
  ↳ app/models/user.rb:38:in `reset_session_token!'
  [1m[35m (0.7ms)[0m  [1m[35mCOMMIT[0m
  ↳ app/models/user.rb:38:in `reset_session_token!'
Redirected to http://localhost:3000/users/3
Completed 302 Found in 198ms (ActiveRecord: 2.1ms | Allocations: 5732)


Started GET "/users/3" for ::1 at 2020-11-03 11:57:14 -0800
Processing by UsersController#show as HTML
  Parameters: {"id"=>"3"}
  [1m[36mUser Load (0.1ms)[0m  [1m[34mSELECT "users".* FROM "users" WHERE "users"."id" = $1 LIMIT $2[0m  [["id", 3], ["LIMIT", 1]]
  ↳ app/controllers/users_controller.rb:16:in `show'
  Rendering users/show.html.erb within layouts/application
  Rendered users/show.html.erb within layouts/application (Duration: 0.2ms | Allocations: 112)
[Webpacker] Everything's up-to-date. Nothing to do
  [1m[36mUser Load (0.4ms)[0m  [1m[34mSELECT "users".* FROM "users" WHERE "users"."session_token" = $1 LIMIT $2[0m  [["session_token", "n0hCi9A-pHyVpoeXMGJ5CA"], ["LIMIT", 1]]
  ↳ app/controllers/application_controller.rb:5:in `current_user'
Completed 200 OK in 9ms (Views: 7.8ms | ActiveRecord: 0.6ms | Allocations: 7743)


Started DELETE "/session" for ::1 at 2020-11-03 11:57:18 -0800
Processing by SessionsController#destroy as HTML
  Parameters: {"authenticity_token"=>"JMUI1jIpEESjpuUTePlBCWqopv8FvDkXH77qfYmSOnLe4I8ADwtQ0VA1LqCL9W/TMpyoD/zY39QzqGMbht1+5Q=="}
  [1m[36mUser Load (0.2ms)[0m  [1m[34mSELECT "users".* FROM "users" WHERE "users"."session_token" = $1 LIMIT $2[0m  [["session_token", "n0hCi9A-pHyVpoeXMGJ5CA"], ["LIMIT", 1]]
  ↳ app/controllers/application_controller.rb:5:in `current_user'
  [1m[35m (0.1ms)[0m  [1m[35mBEGIN[0m
  ↳ app/models/user.rb:38:in `reset_session_token!'
  [1m[36mUser Exists? (0.4ms)[0m  [1m[34mSELECT 1 AS one FROM "users" WHERE "users"."email" = $1 AND "users"."id" != $2 LIMIT $3[0m  [["email", "kaycbas@gmail.com"], ["id", 3], ["LIMIT", 1]]
  ↳ app/models/user.rb:38:in `reset_session_token!'
  [1m[36mUser Exists? (0.2ms)[0m  [1m[34mSELECT 1 AS one FROM "users" WHERE "users"."session_token" = $1 AND "users"."id" != $2 LIMIT $3[0m  [["session_token", "gAOaRYwIJwDCArAZ3R6aag"], ["id", 3], ["LIMIT", 1]]
  ↳ app/models/user.rb:38:in `reset_session_token!'
  [1m[36mUser Update (0.6ms)[0m  [1m[33mUPDATE "users" SET "session_token" = $1, "updated_at" = $2 WHERE "users"."id" = $3[0m  [["session_token", "gAOaRYwIJwDCArAZ3R6aag"], ["updated_at", "2020-11-03 19:57:18.110819"], ["id", 3]]
  ↳ app/models/user.rb:38:in `reset_session_token!'
  [1m[35m (0.5ms)[0m  [1m[35mCOMMIT[0m
  ↳ app/models/user.rb:38:in `reset_session_token!'
Redirected to http://localhost:3000/session/new
Completed 302 Found in 9ms (ActiveRecord: 2.1ms | Allocations: 5570)


Started GET "/session/new" for ::1 at 2020-11-03 11:57:18 -0800
Processing by SessionsController#new as HTML
  Rendering sessions/new.html.erb within layouts/application
  Rendered sessions/new.html.erb within layouts/application (Duration: 0.2ms | Allocations: 63)
[Webpacker] Everything's up-to-date. Nothing to do
  [1m[36mUser Load (0.4ms)[0m  [1m[34mSELECT "users".* FROM "users" WHERE "users"."session_token" IS NULL LIMIT $1[0m  [["LIMIT", 1]]
  ↳ app/controllers/application_controller.rb:5:in `current_user'
Completed 200 OK in 9ms (Views: 8.2ms | ActiveRecord: 0.4ms | Allocations: 6576)


Started GET "/session/new" for ::1 at 2020-11-03 11:59:25 -0800
Processing by SessionsController#new as HTML
  Rendering sessions/new.html.erb within layouts/application
  Rendered sessions/new.html.erb within layouts/application (Duration: 0.5ms | Allocations: 194)
[Webpacker] Everything's up-to-date. Nothing to do
  [1m[36mUser Load (0.3ms)[0m  [1m[34mSELECT "users".* FROM "users" WHERE "users"."session_token" IS NULL LIMIT $1[0m  [["LIMIT", 1]]
  ↳ app/controllers/application_controller.rb:5:in `current_user'
Completed 200 OK in 12ms (Views: 11.1ms | ActiveRecord: 0.3ms | Allocations: 7899)


Started GET "/session/new?authenticity_token=bJStPKph561oh097dbbSHVTjv005O%2BmTPrnfy12ZXWSWsSrql0OnOJsUhMiGuvzHDNexvcBfD1ASr1atUtYZ8w%3D%3D" for ::1 at 2020-11-03 11:59:37 -0800
Processing by SessionsController#new as HTML
  Parameters: {"authenticity_token"=>"bJStPKph561oh097dbbSHVTjv005O+mTPrnfy12ZXWSWsSrql0OnOJsUhMiGuvzHDNexvcBfD1ASr1atUtYZ8w=="}
  Rendering sessions/new.html.erb within layouts/application
  Rendered sessions/new.html.erb within layouts/application (Duration: 0.2ms | Allocations: 58)
[Webpacker] Everything's up-to-date. Nothing to do
  [1m[36mUser Load (0.3ms)[0m  [1m[34mSELECT "users".* FROM "users" WHERE "users"."session_token" IS NULL LIMIT $1[0m  [["LIMIT", 1]]
  ↳ app/controllers/application_controller.rb:5:in `current_user'
Completed 200 OK in 10ms (Views: 8.8ms | ActiveRecord: 0.3ms | Allocations: 6660)


Started GET "/users/new?authenticity_token=PHtN%2B9N3nvmjYw%2Bg42Pjg%2FbHv62dXg2z0QnNCWMRkY%2FGXsot7lXebFDwxBMQb81ZrvOxXWQ663D9H0RvbF7VGA%3D%3D" for ::1 at 2020-11-03 11:59:39 -0800
Processing by UsersController#new as HTML
  Parameters: {"authenticity_token"=>"PHtN+9N3nvmjYw+g42Pjg/bHv62dXg2z0QnNCWMRkY/GXsot7lXebFDwxBMQb81ZrvOxXWQ663D9H0RvbF7VGA=="}
  Rendering users/new.html.erb within layouts/application
  Rendered users/new.html.erb within layouts/application (Duration: 0.6ms | Allocations: 192)
[Webpacker] Everything's up-to-date. Nothing to do
  [1m[36mUser Load (0.3ms)[0m  [1m[34mSELECT "users".* FROM "users" WHERE "users"."session_token" IS NULL LIMIT $1[0m  [["LIMIT", 1]]
  ↳ app/controllers/application_controller.rb:5:in `current_user'
Completed 200 OK in 11ms (Views: 10.5ms | ActiveRecord: 0.3ms | Allocations: 7368)


Started POST "/users" for ::1 at 2020-11-03 11:59:48 -0800
Processing by UsersController#create as HTML
  Parameters: {"authenticity_token"=>"azvsInt/mNbKbJK9BzaBreSf+Q8OnJkGPf+sBaIhI9mRHmv0Rl3YQzn/WQ70Oq93vKv3//f4f8UR6SVjrW5nTg==", "user"=>{"email"=>"kb@test.com", "password"=>"[FILTERED]"}}
  [1m[35m (0.2ms)[0m  [1m[35mBEGIN[0m
  ↳ app/controllers/users_controller.rb:8:in `create'
  [1m[36mUser Exists? (0.3ms)[0m  [1m[34mSELECT 1 AS one FROM "users" WHERE "users"."email" = $1 LIMIT $2[0m  [["email", "kb@test.com"], ["LIMIT", 1]]
  ↳ app/controllers/users_controller.rb:8:in `create'
  [1m[36mUser Exists? (0.2ms)[0m  [1m[34mSELECT 1 AS one FROM "users" WHERE "users"."session_token" = $1 LIMIT $2[0m  [["session_token", "StTGG_FH_mmk2BUCrwPY1w"], ["LIMIT", 1]]
  ↳ app/controllers/users_controller.rb:8:in `create'
  [1m[36mUser Create (0.4ms)[0m  [1m[32mINSERT INTO "users" ("email", "password_digest", "session_token", "created_at", "updated_at") VALUES ($1, $2, $3, $4, $5) RETURNING "id"[0m  [["email", "kb@test.com"], ["password_digest", "$2a$12$4PdaLkOu1OXDB030QoYcV.yb4I7MtkXvuo2Lbyexmm2Aa2ZgT4nHC"], ["session_token", "StTGG_FH_mmk2BUCrwPY1w"], ["created_at", "2020-11-03 19:59:48.373554"], ["updated_at", "2020-11-03 19:59:48.373554"]]
  ↳ app/controllers/users_controller.rb:8:in `create'
  [1m[35m (0.5ms)[0m  [1m[35mCOMMIT[0m
  ↳ app/controllers/users_controller.rb:8:in `create'
Redirected to http://localhost:3000/users/6
Completed 302 Found in 195ms (ActiveRecord: 1.6ms | Allocations: 5056)


Started GET "/users/6" for ::1 at 2020-11-03 11:59:48 -0800
Processing by UsersController#show as HTML
  Parameters: {"id"=>"6"}
  [1m[36mUser Load (0.1ms)[0m  [1m[34mSELECT "users".* FROM "users" WHERE "users"."id" = $1 LIMIT $2[0m  [["id", 6], ["LIMIT", 1]]
  ↳ app/controllers/users_controller.rb:16:in `show'
  Rendering users/show.html.erb within layouts/application
  Rendered users/show.html.erb within layouts/application (Duration: 0.2ms | Allocations: 109)
[Webpacker] Everything's up-to-date. Nothing to do
  [1m[36mUser Load (0.2ms)[0m  [1m[34mSELECT "users".* FROM "users" WHERE "users"."session_token" IS NULL LIMIT $1[0m  [["LIMIT", 1]]
  ↳ app/controllers/application_controller.rb:5:in `current_user'
Completed 200 OK in 8ms (Views: 6.7ms | ActiveRecord: 0.3ms | Allocations: 7480)


Started GET "/users/6" for ::1 at 2020-11-03 11:59:55 -0800
Processing by UsersController#show as HTML
  Parameters: {"id"=>"6"}
  [1m[36mUser Load (0.2ms)[0m  [1m[34mSELECT "users".* FROM "users" WHERE "users"."id" = $1 LIMIT $2[0m  [["id", 6], ["LIMIT", 1]]
  ↳ app/controllers/users_controller.rb:16:in `show'
  Rendering users/show.html.erb within layouts/application
  Rendered users/show.html.erb within layouts/application (Duration: 0.0ms | Allocations: 7)
[Webpacker] Everything's up-to-date. Nothing to do
  [1m[36mUser Load (0.2ms)[0m  [1m[34mSELECT "users".* FROM "users" WHERE "users"."session_token" IS NULL LIMIT $1[0m  [["LIMIT", 1]]
  ↳ app/controllers/application_controller.rb:5:in `current_user'
Completed 200 OK in 10ms (Views: 8.3ms | ActiveRecord: 0.4ms | Allocations: 7234)


Started GET "/users/new?authenticity_token=8qtp0SeXEaX6E41WzCsEkTh%2ByWSaYKAEPVpumejn9nMIju4HGrVRMAmARuU%2FJypLYErHlGMERscRTOf%2F56iy5A%3D%3D" for ::1 at 2020-11-03 12:00:17 -0800
Processing by UsersController#new as HTML
  Parameters: {"authenticity_token"=>"8qtp0SeXEaX6E41WzCsEkTh+yWSaYKAEPVpumejn9nMIju4HGrVRMAmARuU/JypLYErHlGMERscRTOf/56iy5A=="}
  Rendering users/new.html.erb within layouts/application
  Rendered users/new.html.erb within layouts/application (Duration: 0.2ms | Allocations: 64)
[Webpacker] Everything's up-to-date. Nothing to do
  [1m[36mUser Load (0.2ms)[0m  [1m[34mSELECT "users".* FROM "users" WHERE "users"."session_token" IS NULL LIMIT $1[0m  [["LIMIT", 1]]
  ↳ app/controllers/application_controller.rb:5:in `current_user'
Completed 200 OK in 11ms (Views: 8.7ms | ActiveRecord: 1.6ms | Allocations: 7891)


Started POST "/users" for ::1 at 2020-11-03 12:00:27 -0800
Processing by UsersController#create as HTML
  Parameters: {"authenticity_token"=>"q4rsbcbTaliCU68k9x+HjezUOPjwH/Q6qNhYqtA+MTtRr2u7+/EqzXHAZJcEE6lXtOA2CAl7EvmEztHM33F1rA==", "user"=>{"email"=>"abba@gmail.com", "password"=>"[FILTERED]"}}
  [1m[35m (0.1ms)[0m  [1m[35mBEGIN[0m
  ↳ app/controllers/users_controller.rb:8:in `create'
  [1m[36mUser Exists? (0.3ms)[0m  [1m[34mSELECT 1 AS one FROM "users" WHERE "users"."email" = $1 LIMIT $2[0m  [["email", "abba@gmail.com"], ["LIMIT", 1]]
  ↳ app/controllers/users_controller.rb:8:in `create'
  [1m[36mUser Exists? (0.2ms)[0m  [1m[34mSELECT 1 AS one FROM "users" WHERE "users"."session_token" = $1 LIMIT $2[0m  [["session_token", "mNKWOXItm37dWRO8lzMFFw"], ["LIMIT", 1]]
  ↳ app/controllers/users_controller.rb:8:in `create'
  [1m[36mUser Create (0.3ms)[0m  [1m[32mINSERT INTO "users" ("email", "password_digest", "session_token", "created_at", "updated_at") VALUES ($1, $2, $3, $4, $5) RETURNING "id"[0m  [["email", "abba@gmail.com"], ["password_digest", "$2a$12$jqbRd0c2DrKx2B0YjMp0BuViIAK2HBl1nczLXZ2Bh3DQwDbIwmFX."], ["session_token", "mNKWOXItm37dWRO8lzMFFw"], ["created_at", "2020-11-03 20:00:27.227029"], ["updated_at", "2020-11-03 20:00:27.227029"]]
  ↳ app/controllers/users_controller.rb:8:in `create'
  [1m[35m (0.7ms)[0m  [1m[35mCOMMIT[0m
  ↳ app/controllers/users_controller.rb:8:in `create'
  [1m[35m (0.1ms)[0m  [1m[35mBEGIN[0m
  ↳ app/models/user.rb:38:in `reset_session_token!'
  [1m[36mUser Exists? (0.3ms)[0m  [1m[34mSELECT 1 AS one FROM "users" WHERE "users"."email" = $1 AND "users"."id" != $2 LIMIT $3[0m  [["email", "abba@gmail.com"], ["id", 7], ["LIMIT", 1]]
  ↳ app/models/user.rb:38:in `reset_session_token!'
  [1m[36mUser Exists? (0.2ms)[0m  [1m[34mSELECT 1 AS one FROM "users" WHERE "users"."session_token" = $1 AND "users"."id" != $2 LIMIT $3[0m  [["session_token", "1vrNvo19dCppCcYRG8EaGw"], ["id", 7], ["LIMIT", 1]]
  ↳ app/models/user.rb:38:in `reset_session_token!'
  [1m[36mUser Update (0.2ms)[0m  [1m[33mUPDATE "users" SET "session_token" = $1, "updated_at" = $2 WHERE "users"."id" = $3[0m  [["session_token", "1vrNvo19dCppCcYRG8EaGw"], ["updated_at", "2020-11-03 20:00:27.232653"], ["id", 7]]
  ↳ app/models/user.rb:38:in `reset_session_token!'
  [1m[35m (0.2ms)[0m  [1m[35mCOMMIT[0m
  ↳ app/models/user.rb:38:in `reset_session_token!'
Redirected to http://localhost:3000/users/7
Completed 302 Found in 206ms (ActiveRecord: 6.0ms | Allocations: 13709)


Started GET "/users/7" for ::1 at 2020-11-03 12:00:27 -0800
Processing by UsersController#show as HTML
  Parameters: {"id"=>"7"}
  [1m[36mUser Load (0.1ms)[0m  [1m[34mSELECT "users".* FROM "users" WHERE "users"."id" = $1 LIMIT $2[0m  [["id", 7], ["LIMIT", 1]]
  ↳ app/controllers/users_controller.rb:17:in `show'
  Rendering users/show.html.erb within layouts/application
  Rendered users/show.html.erb within layouts/application (Duration: 0.0ms | Allocations: 7)
[Webpacker] Everything's up-to-date. Nothing to do
  [1m[36mUser Load (0.2ms)[0m  [1m[34mSELECT "users".* FROM "users" WHERE "users"."session_token" = $1 LIMIT $2[0m  [["session_token", "1vrNvo19dCppCcYRG8EaGw"], ["LIMIT", 1]]
  ↳ app/controllers/application_controller.rb:5:in `current_user'
Completed 200 OK in 8ms (Views: 6.0ms | ActiveRecord: 0.3ms | Allocations: 7303)


Started DELETE "/session" for ::1 at 2020-11-03 12:00:33 -0800
Processing by SessionsController#destroy as HTML
  Parameters: {"authenticity_token"=>"s7BEWX3oAAyNzGcb7u8OutrgxV1Oeh5ibfuLG192lBxJlcOPQMpAmX5frKgd4yBggtTLrbce+KFB7QJ9UDnQiw=="}
  [1m[36mUser Load (0.2ms)[0m  [1m[34mSELECT "users".* FROM "users" WHERE "users"."session_token" = $1 LIMIT $2[0m  [["session_token", "1vrNvo19dCppCcYRG8EaGw"], ["LIMIT", 1]]
  ↳ app/controllers/application_controller.rb:5:in `current_user'
  [1m[35m (0.1ms)[0m  [1m[35mBEGIN[0m
  ↳ app/models/user.rb:38:in `reset_session_token!'
  [1m[36mUser Exists? (0.3ms)[0m  [1m[34mSELECT 1 AS one FROM "users" WHERE "users"."email" = $1 AND "users"."id" != $2 LIMIT $3[0m  [["email", "abba@gmail.com"], ["id", 7], ["LIMIT", 1]]
  ↳ app/models/user.rb:38:in `reset_session_token!'
  [1m[36mUser Exists? (0.2ms)[0m  [1m[34mSELECT 1 AS one FROM "users" WHERE "users"."session_token" = $1 AND "users"."id" != $2 LIMIT $3[0m  [["session_token", "v1NQZ9ltZC-moXLD5fb2Sg"], ["id", 7], ["LIMIT", 1]]
  ↳ app/models/user.rb:38:in `reset_session_token!'
  [1m[36mUser Update (0.3ms)[0m  [1m[33mUPDATE "users" SET "session_token" = $1, "updated_at" = $2 WHERE "users"."id" = $3[0m  [["session_token", "v1NQZ9ltZC-moXLD5fb2Sg"], ["updated_at", "2020-11-03 20:00:33.779061"], ["id", 7]]
  ↳ app/models/user.rb:38:in `reset_session_token!'
  [1m[35m (0.3ms)[0m  [1m[35mCOMMIT[0m
  ↳ app/models/user.rb:38:in `reset_session_token!'
Redirected to http://localhost:3000/session/new
Completed 302 Found in 9ms (ActiveRecord: 1.5ms | Allocations: 5577)


Started GET "/session/new" for ::1 at 2020-11-03 12:00:33 -0800
Processing by SessionsController#new as HTML
  Rendering sessions/new.html.erb within layouts/application
  Rendered sessions/new.html.erb within layouts/application (Duration: 0.2ms | Allocations: 63)
[Webpacker] Everything's up-to-date. Nothing to do
  [1m[36mUser Load (0.2ms)[0m  [1m[34mSELECT "users".* FROM "users" WHERE "users"."session_token" IS NULL LIMIT $1[0m  [["LIMIT", 1]]
  ↳ app/controllers/application_controller.rb:5:in `current_user'
Completed 200 OK in 9ms (Views: 8.5ms | ActiveRecord: 0.2ms | Allocations: 6818)


Started GET "/session/new" for ::1 at 2020-11-03 12:06:47 -0800
Processing by SessionsController#new as HTML
  Rendering sessions/new.html.erb within layouts/application
  Rendered sessions/new.html.erb within layouts/application (Duration: 0.4ms | Allocations: 197)
[Webpacker] Everything's up-to-date. Nothing to do
  [1m[36mUser Load (0.5ms)[0m  [1m[34mSELECT "users".* FROM "users" WHERE "users"."session_token" IS NULL LIMIT $1[0m  [["LIMIT", 1]]
  ↳ app/controllers/application_controller.rb:5:in `current_user'
Completed 200 OK in 12ms (Views: 10.7ms | ActiveRecord: 0.6ms | Allocations: 8913)


Started GET "/session/new" for ::1 at 2020-11-03 12:07:18 -0800
Processing by SessionsController#new as HTML
  Rendering sessions/new.html.erb within layouts/application
  Rendered sessions/new.html.erb within layouts/application (Duration: 0.4ms | Allocations: 191)
[Webpacker] Everything's up-to-date. Nothing to do
  [1m[36mUser Load (0.3ms)[0m  [1m[34mSELECT "users".* FROM "users" WHERE "users"."session_token" IS NULL LIMIT $1[0m  [["LIMIT", 1]]
  ↳ app/controllers/application_controller.rb:5:in `current_user'
Completed 200 OK in 19ms (Views: 18.0ms | ActiveRecord: 0.3ms | Allocations: 13373)


Started GET "/session/new" for ::1 at 2020-11-03 12:07:52 -0800
Processing by SessionsController#new as HTML
  Rendering sessions/new.html.erb within layouts/application
  Rendered sessions/new.html.erb within layouts/application (Duration: 0.2ms | Allocations: 58)
[Webpacker] Everything's up-to-date. Nothing to do
  [1m[36mUser Load (0.3ms)[0m  [1m[34mSELECT "users".* FROM "users" WHERE "users"."session_token" IS NULL LIMIT $1[0m  [["LIMIT", 1]]
  ↳ app/controllers/application_controller.rb:5:in `current_user'
Completed 200 OK in 17ms (Views: 16.7ms | ActiveRecord: 0.3ms | Allocations: 14732)


Started GET "/session/new" for ::1 at 2020-11-03 12:08:02 -0800
Processing by SessionsController#new as HTML
  Rendering sessions/new.html.erb within layouts/application
  Rendered sessions/new.html.erb within layouts/application (Duration: 0.1ms | Allocations: 57)
[Webpacker] Everything's up-to-date. Nothing to do
  [1m[36mUser Load (0.3ms)[0m  [1m[34mSELECT "users".* FROM "users" WHERE "users"."session_token" IS NULL LIMIT $1[0m  [["LIMIT", 1]]
  ↳ app/controllers/application_controller.rb:5:in `current_user'
Completed 200 OK in 17ms (Views: 16.7ms | ActiveRecord: 0.3ms | Allocations: 12139)


Started GET "/session/new" for ::1 at 2020-11-03 12:09:06 -0800
Processing by SessionsController#new as HTML
  Rendering sessions/new.html.erb within layouts/application
  Rendered sessions/new.html.erb within layouts/application (Duration: 0.1ms | Allocations: 57)
[Webpacker] Everything's up-to-date. Nothing to do
  [1m[36mUser Load (0.3ms)[0m  [1m[34mSELECT "users".* FROM "users" WHERE "users"."session_token" IS NULL LIMIT $1[0m  [["LIMIT", 1]]
  ↳ app/controllers/application_controller.rb:5:in `current_user'
Completed 200 OK in 20ms (Views: 19.5ms | ActiveRecord: 0.3ms | Allocations: 13555)


Started GET "/session/new" for ::1 at 2020-11-03 12:09:27 -0800
Processing by SessionsController#new as HTML
  Rendering sessions/new.html.erb within layouts/application
  Rendered sessions/new.html.erb within layouts/application (Duration: 0.1ms | Allocations: 57)
[Webpacker] Everything's up-to-date. Nothing to do
  [1m[36mUser Load (0.3ms)[0m  [1m[34mSELECT "users".* FROM "users" WHERE "users"."session_token" IS NULL LIMIT $1[0m  [["LIMIT", 1]]
  ↳ app/controllers/application_controller.rb:5:in `current_user'
Completed 200 OK in 18ms (Views: 16.9ms | ActiveRecord: 0.3ms | Allocations: 12148)


Started GET "/session/new" for ::1 at 2020-11-03 12:10:54 -0800
Processing by SessionsController#new as HTML
  Rendering sessions/new.html.erb within layouts/application
  Rendered sessions/new.html.erb within layouts/application (Duration: 0.4ms | Allocations: 196)
[Webpacker] Everything's up-to-date. Nothing to do
  [1m[36mUser Load (0.2ms)[0m  [1m[34mSELECT "users".* FROM "users" WHERE "users"."session_token" IS NULL LIMIT $1[0m  [["LIMIT", 1]]
  ↳ app/controllers/application_controller.rb:5:in `current_user'
Completed 200 OK in 20ms (Views: 18.9ms | ActiveRecord: 0.2ms | Allocations: 14706)


Started GET "/session/new" for ::1 at 2020-11-03 12:11:21 -0800
Processing by SessionsController#new as HTML
  Rendering sessions/new.html.erb within layouts/application
  Rendered sessions/new.html.erb within layouts/application (Duration: 0.2ms | Allocations: 58)
[Webpacker] Everything's up-to-date. Nothing to do
  [1m[36mUser Load (0.2ms)[0m  [1m[34mSELECT "users".* FROM "users" WHERE "users"."session_token" IS NULL LIMIT $1[0m  [["LIMIT", 1]]
  ↳ app/controllers/application_controller.rb:5:in `current_user'
Completed 200 OK in 18ms (Views: 17.0ms | ActiveRecord: 0.2ms | Allocations: 13673)


Started GET "/session/new" for ::1 at 2020-11-03 12:12:01 -0800
Processing by SessionsController#new as HTML
  Rendering sessions/new.html.erb within layouts/application
  Rendered sessions/new.html.erb within layouts/application (Duration: 0.1ms | Allocations: 57)
[Webpacker] Everything's up-to-date. Nothing to do
  [1m[36mUser Load (0.2ms)[0m  [1m[34mSELECT "users".* FROM "users" WHERE "users"."session_token" IS NULL LIMIT $1[0m  [["LIMIT", 1]]
  ↳ app/controllers/application_controller.rb:5:in `current_user'
Completed 200 OK in 17ms (Views: 16.0ms | ActiveRecord: 0.2ms | Allocations: 12163)


Started GET "/session/new" for ::1 at 2020-11-03 12:12:11 -0800
Processing by SessionsController#new as HTML
  Rendering sessions/new.html.erb within layouts/application
  Rendered sessions/new.html.erb within layouts/application (Duration: 0.1ms | Allocations: 57)
[Webpacker] Everything's up-to-date. Nothing to do
  [1m[36mUser Load (0.2ms)[0m  [1m[34mSELECT "users".* FROM "users" WHERE "users"."session_token" IS NULL LIMIT $1[0m  [["LIMIT", 1]]
  ↳ app/controllers/application_controller.rb:5:in `current_user'
Completed 200 OK in 18ms (Views: 17.7ms | ActiveRecord: 0.2ms | Allocations: 17809)


Started GET "/session/new" for ::1 at 2020-11-03 12:12:19 -0800
Processing by SessionsController#new as HTML
  Rendering sessions/new.html.erb within layouts/application
  Rendered sessions/new.html.erb within layouts/application (Duration: 0.1ms | Allocations: 57)
[Webpacker] Everything's up-to-date. Nothing to do
  [1m[36mUser Load (0.2ms)[0m  [1m[34mSELECT "users".* FROM "users" WHERE "users"."session_token" IS NULL LIMIT $1[0m  [["LIMIT", 1]]
  ↳ app/controllers/application_controller.rb:5:in `current_user'
Completed 200 OK in 18ms (Views: 17.0ms | ActiveRecord: 0.2ms | Allocations: 13638)


Started GET "/session/new?authenticity_token=tUUIsaJSZoxrzD727WLzvj8WW6GKhjEnS5u7cV%2FmQtRPYI9nn3AmGZhf9UUebt1kZyJVUXPi1%2BRnjTIXUKkGQw%3D%3D" for ::1 at 2020-11-03 12:12:38 -0800
Processing by SessionsController#new as HTML
  Parameters: {"authenticity_token"=>"tUUIsaJSZoxrzD727WLzvj8WW6GKhjEnS5u7cV/mQtRPYI9nn3AmGZhf9UUebt1kZyJVUXPi1+RnjTIXUKkGQw=="}
  Rendering sessions/new.html.erb within layouts/application
  Rendered sessions/new.html.erb within layouts/application (Duration: 0.1ms | Allocations: 57)
[Webpacker] Everything's up-to-date. Nothing to do
  [1m[36mUser Load (0.2ms)[0m  [1m[34mSELECT "users".* FROM "users" WHERE "users"."session_token" IS NULL LIMIT $1[0m  [["LIMIT", 1]]
  ↳ app/controllers/application_controller.rb:5:in `current_user'
Completed 200 OK in 8ms (Views: 7.9ms | ActiveRecord: 0.2ms | Allocations: 6638)


Started POST "/session" for ::1 at 2020-11-03 12:12:45 -0800
Processing by SessionsController#create as HTML
  Parameters: {"authenticity_token"=>"dN0P8iHfs6niujuVVnoWUTlKUrRkPFAmhNRilWHXhXCO+IgkHP3zPBEp8CaldjiLYX5cRJ1YtuWowuvzbpjB5w==", "user"=>{"email"=>"kaycbas@gmail.com", "password"=>"[FILTERED]"}}
  [1m[36mUser Load (0.3ms)[0m  [1m[34mSELECT "users".* FROM "users" WHERE "users"."email" = $1 LIMIT $2[0m  [["email", "kaycbas@gmail.com"], ["LIMIT", 1]]
  ↳ app/models/user.rb:22:in `find_by_credentials'
  [1m[35m (0.1ms)[0m  [1m[35mBEGIN[0m
  ↳ app/models/user.rb:38:in `reset_session_token!'
  [1m[36mUser Exists? (0.4ms)[0m  [1m[34mSELECT 1 AS one FROM "users" WHERE "users"."email" = $1 AND "users"."id" != $2 LIMIT $3[0m  [["email", "kaycbas@gmail.com"], ["id", 3], ["LIMIT", 1]]
  ↳ app/models/user.rb:38:in `reset_session_token!'
  [1m[36mUser Exists? (0.2ms)[0m  [1m[34mSELECT 1 AS one FROM "users" WHERE "users"."session_token" = $1 AND "users"."id" != $2 LIMIT $3[0m  [["session_token", "I4197yNJFX2tJcn3CwDD0A"], ["id", 3], ["LIMIT", 1]]
  ↳ app/models/user.rb:38:in `reset_session_token!'
  [1m[36mUser Update (0.4ms)[0m  [1m[33mUPDATE "users" SET "session_token" = $1, "updated_at" = $2 WHERE "users"."id" = $3[0m  [["session_token", "I4197yNJFX2tJcn3CwDD0A"], ["updated_at", "2020-11-03 20:12:45.221556"], ["id", 3]]
  ↳ app/models/user.rb:38:in `reset_session_token!'
  [1m[35m (0.6ms)[0m  [1m[35mCOMMIT[0m
  ↳ app/models/user.rb:38:in `reset_session_token!'
Redirected to http://localhost:3000/users/3
Completed 302 Found in 205ms (ActiveRecord: 1.9ms | Allocations: 9785)


Started GET "/users/3" for ::1 at 2020-11-03 12:12:45 -0800
Processing by UsersController#show as HTML
  Parameters: {"id"=>"3"}
  [1m[36mUser Load (0.2ms)[0m  [1m[34mSELECT "users".* FROM "users" WHERE "users"."id" = $1 LIMIT $2[0m  [["id", 3], ["LIMIT", 1]]
  ↳ app/controllers/users_controller.rb:17:in `show'
  Rendering users/show.html.erb within layouts/application
  Rendered users/show.html.erb within layouts/application (Duration: 0.2ms | Allocations: 114)
[Webpacker] Everything's up-to-date. Nothing to do
  [1m[36mUser Load (0.2ms)[0m  [1m[34mSELECT "users".* FROM "users" WHERE "users"."session_token" = $1 LIMIT $2[0m  [["session_token", "I4197yNJFX2tJcn3CwDD0A"], ["LIMIT", 1]]
  ↳ app/controllers/application_controller.rb:5:in `current_user'
Completed 200 OK in 10ms (Views: 8.2ms | ActiveRecord: 0.5ms | Allocations: 7921)


Started DELETE "/session" for ::1 at 2020-11-03 12:12:58 -0800
Processing by SessionsController#destroy as HTML
  Parameters: {"authenticity_token"=>"10DrTM98NcaZ6ckPdhIHQ3Rb8/s2fX3DNKV/dsA7ZI4tZWya8l51U2p6AryFHimZLG/9C88ZmwAYs/YQz3QgGQ=="}
  [1m[36mUser Load (0.2ms)[0m  [1m[34mSELECT "users".* FROM "users" WHERE "users"."session_token" = $1 LIMIT $2[0m  [["session_token", "I4197yNJFX2tJcn3CwDD0A"], ["LIMIT", 1]]
  ↳ app/controllers/application_controller.rb:5:in `current_user'
  [1m[35m (0.1ms)[0m  [1m[35mBEGIN[0m
  ↳ app/models/user.rb:38:in `reset_session_token!'
  [1m[36mUser Exists? (0.3ms)[0m  [1m[34mSELECT 1 AS one FROM "users" WHERE "users"."email" = $1 AND "users"."id" != $2 LIMIT $3[0m  [["email", "kaycbas@gmail.com"], ["id", 3], ["LIMIT", 1]]
  ↳ app/models/user.rb:38:in `reset_session_token!'
  [1m[36mUser Exists? (0.2ms)[0m  [1m[34mSELECT 1 AS one FROM "users" WHERE "users"."session_token" = $1 AND "users"."id" != $2 LIMIT $3[0m  [["session_token", "XBYFoJ1xhHDKF9g7GvumTA"], ["id", 3], ["LIMIT", 1]]
  ↳ app/models/user.rb:38:in `reset_session_token!'
  [1m[36mUser Update (0.3ms)[0m  [1m[33mUPDATE "users" SET "session_token" = $1, "updated_at" = $2 WHERE "users"."id" = $3[0m  [["session_token", "XBYFoJ1xhHDKF9g7GvumTA"], ["updated_at", "2020-11-03 20:12:58.239779"], ["id", 3]]
  ↳ app/models/user.rb:38:in `reset_session_token!'
  [1m[35m (0.5ms)[0m  [1m[35mCOMMIT[0m
  ↳ app/models/user.rb:38:in `reset_session_token!'
Redirected to http://localhost:3000/session/new
Completed 302 Found in 7ms (ActiveRecord: 1.6ms | Allocations: 5569)


Started GET "/session/new" for ::1 at 2020-11-03 12:12:58 -0800
Processing by SessionsController#new as HTML
  Rendering sessions/new.html.erb within layouts/application
  Rendered sessions/new.html.erb within layouts/application (Duration: 0.1ms | Allocations: 63)
[Webpacker] Everything's up-to-date. Nothing to do
  [1m[36mUser Load (0.2ms)[0m  [1m[34mSELECT "users".* FROM "users" WHERE "users"."session_token" IS NULL LIMIT $1[0m  [["LIMIT", 1]]
  ↳ app/controllers/application_controller.rb:5:in `current_user'
Completed 200 OK in 8ms (Views: 7.4ms | ActiveRecord: 0.2ms | Allocations: 6649)


Started GET "/session/new" for ::1 at 2020-11-03 12:13:29 -0800
Processing by SessionsController#new as HTML
  Rendering sessions/new.html.erb within layouts/application
  Rendered sessions/new.html.erb within layouts/application (Duration: 0.4ms | Allocations: 191)
[Webpacker] Everything's up-to-date. Nothing to do
  [1m[36mUser Load (0.2ms)[0m  [1m[34mSELECT "users".* FROM "users" WHERE "users"."session_token" IS NULL LIMIT $1[0m  [["LIMIT", 1]]
  ↳ app/controllers/application_controller.rb:5:in `current_user'
Completed 200 OK in 10ms (Views: 9.7ms | ActiveRecord: 0.2ms | Allocations: 7872)


Started POST "/session" for ::1 at 2020-11-03 12:13:41 -0800
Processing by SessionsController#create as HTML
  Parameters: {"authenticity_token"=>"aiQHyBHQjjEbtYecv0gcpQMGLqEjtUIZTyyvglq73kKQAYAeLPLOpOgmTC9MRDJ/WzIgUdrRpNpjOibkVfSa1Q==", "user"=>{"email"=>"kaycbas@gmail.com", "password"=>"[FILTERED]"}}
  [1m[36mUser Load (0.3ms)[0m  [1m[34mSELECT "users".* FROM "users" WHERE "users"."email" = $1 LIMIT $2[0m  [["email", "kaycbas@gmail.com"], ["LIMIT", 1]]
  ↳ app/models/user.rb:22:in `find_by_credentials'
  [1m[35m (0.2ms)[0m  [1m[35mBEGIN[0m
  ↳ app/models/user.rb:38:in `reset_session_token!'
  [1m[36mUser Exists? (0.3ms)[0m  [1m[34mSELECT 1 AS one FROM "users" WHERE "users"."email" = $1 AND "users"."id" != $2 LIMIT $3[0m  [["email", "kaycbas@gmail.com"], ["id", 3], ["LIMIT", 1]]
  ↳ app/models/user.rb:38:in `reset_session_token!'
  [1m[36mUser Exists? (0.2ms)[0m  [1m[34mSELECT 1 AS one FROM "users" WHERE "users"."session_token" = $1 AND "users"."id" != $2 LIMIT $3[0m  [["session_token", "tnDAO7dDzfJpRgFA1e2alA"], ["id", 3], ["LIMIT", 1]]
  ↳ app/models/user.rb:38:in `reset_session_token!'
  [1m[36mUser Update (0.2ms)[0m  [1m[33mUPDATE "users" SET "session_token" = $1, "updated_at" = $2 WHERE "users"."id" = $3[0m  [["session_token", "tnDAO7dDzfJpRgFA1e2alA"], ["updated_at", "2020-11-03 20:13:41.313362"], ["id", 3]]
  ↳ app/models/user.rb:38:in `reset_session_token!'
  [1m[35m (0.2ms)[0m  [1m[35mCOMMIT[0m
  ↳ app/models/user.rb:38:in `reset_session_token!'
Redirected to http://localhost:3000/users/3
Completed 302 Found in 200ms (ActiveRecord: 1.4ms | Allocations: 5611)


Started GET "/users/3" for ::1 at 2020-11-03 12:13:41 -0800
Processing by UsersController#show as HTML
  Parameters: {"id"=>"3"}
  [1m[36mUser Load (0.2ms)[0m  [1m[34mSELECT "users".* FROM "users" WHERE "users"."id" = $1 LIMIT $2[0m  [["id", 3], ["LIMIT", 1]]
  ↳ app/controllers/users_controller.rb:17:in `show'
  Rendering users/show.html.erb within layouts/application
  Rendered users/show.html.erb within layouts/application (Duration: 0.3ms | Allocations: 109)
[Webpacker] Everything's up-to-date. Nothing to do
  [1m[36mUser Load (0.3ms)[0m  [1m[34mSELECT "users".* FROM "users" WHERE "users"."session_token" = $1 LIMIT $2[0m  [["session_token", "tnDAO7dDzfJpRgFA1e2alA"], ["LIMIT", 1]]
  ↳ app/controllers/application_controller.rb:5:in `current_user'
Completed 200 OK in 10ms (Views: 8.6ms | ActiveRecord: 0.5ms | Allocations: 7712)


Started GET "/users/3" for ::1 at 2020-11-03 12:15:04 -0800
Processing by UsersController#show as HTML
  Parameters: {"id"=>"3"}
  [1m[36mUser Load (0.2ms)[0m  [1m[34mSELECT "users".* FROM "users" WHERE "users"."id" = $1 LIMIT $2[0m  [["id", 3], ["LIMIT", 1]]
  ↳ app/controllers/users_controller.rb:17:in `show'
  Rendering users/show.html.erb within layouts/application
  Rendered users/show.html.erb within layouts/application (Duration: 0.3ms | Allocations: 114)
[Webpacker] Everything's up-to-date. Nothing to do
  [1m[36mUser Load (0.4ms)[0m  [1m[34mSELECT "users".* FROM "users" WHERE "users"."session_token" = $1 LIMIT $2[0m  [["session_token", "tnDAO7dDzfJpRgFA1e2alA"], ["LIMIT", 1]]
  ↳ app/controllers/application_controller.rb:5:in `current_user'
Completed 200 OK in 11ms (Views: 9.2ms | ActiveRecord: 0.6ms | Allocations: 8251)


Started GET "/users/3" for ::1 at 2020-11-03 12:15:17 -0800
Processing by UsersController#show as HTML
  Parameters: {"id"=>"3"}
  [1m[36mUser Load (0.3ms)[0m  [1m[34mSELECT "users".* FROM "users" WHERE "users"."id" = $1 LIMIT $2[0m  [["id", 3], ["LIMIT", 1]]
  ↳ app/controllers/users_controller.rb:17:in `show'
  Rendering users/show.html.erb within layouts/application
  Rendered users/show.html.erb within layouts/application (Duration: 0.3ms | Allocations: 109)
[Webpacker] Everything's up-to-date. Nothing to do
  [1m[36mUser Load (0.3ms)[0m  [1m[34mSELECT "users".* FROM "users" WHERE "users"."session_token" = $1 LIMIT $2[0m  [["session_token", "tnDAO7dDzfJpRgFA1e2alA"], ["LIMIT", 1]]
  ↳ app/controllers/application_controller.rb:5:in `current_user'
Completed 200 OK in 11ms (Views: 8.9ms | ActiveRecord: 0.5ms | Allocations: 8240)


Started GET "/users/3" for ::1 at 2020-11-03 12:15:28 -0800
Processing by UsersController#show as HTML
  Parameters: {"id"=>"3"}
  [1m[36mUser Load (0.3ms)[0m  [1m[34mSELECT "users".* FROM "users" WHERE "users"."id" = $1 LIMIT $2[0m  [["id", 3], ["LIMIT", 1]]
  ↳ app/controllers/users_controller.rb:17:in `show'
  Rendering users/show.html.erb within layouts/application
  Rendered users/show.html.erb within layouts/application (Duration: 0.3ms | Allocations: 109)
[Webpacker] Everything's up-to-date. Nothing to do
  [1m[36mUser Load (0.3ms)[0m  [1m[34mSELECT "users".* FROM "users" WHERE "users"."session_token" = $1 LIMIT $2[0m  [["session_token", "tnDAO7dDzfJpRgFA1e2alA"], ["LIMIT", 1]]
  ↳ app/controllers/application_controller.rb:5:in `current_user'
Completed 200 OK in 11ms (Views: 9.6ms | ActiveRecord: 0.6ms | Allocations: 8240)


Started GET "/users/3" for ::1 at 2020-11-03 12:15:42 -0800
Processing by UsersController#show as HTML
  Parameters: {"id"=>"3"}
  [1m[36mUser Load (0.2ms)[0m  [1m[34mSELECT "users".* FROM "users" WHERE "users"."id" = $1 LIMIT $2[0m  [["id", 3], ["LIMIT", 1]]
  ↳ app/controllers/users_controller.rb:17:in `show'
  Rendering users/show.html.erb within layouts/application
  Rendered users/show.html.erb within layouts/application (Duration: 0.2ms | Allocations: 112)
[Webpacker] Everything's up-to-date. Nothing to do
  [1m[36mUser Load (0.2ms)[0m  [1m[34mSELECT "users".* FROM "users" WHERE "users"."session_token" = $1 LIMIT $2[0m  [["session_token", "tnDAO7dDzfJpRgFA1e2alA"], ["LIMIT", 1]]
  ↳ app/controllers/application_controller.rb:5:in `current_user'
Completed 200 OK in 11ms (Views: 9.0ms | ActiveRecord: 0.5ms | Allocations: 8247)


Started GET "/users/3" for ::1 at 2020-11-03 12:16:11 -0800
Processing by UsersController#show as HTML
  Parameters: {"id"=>"3"}
  [1m[36mUser Load (0.2ms)[0m  [1m[34mSELECT "users".* FROM "users" WHERE "users"."id" = $1 LIMIT $2[0m  [["id", 3], ["LIMIT", 1]]
  ↳ app/controllers/users_controller.rb:17:in `show'
  Rendering users/show.html.erb within layouts/application
  Rendered users/show.html.erb within layouts/application (Duration: 0.3ms | Allocations: 110)
[Webpacker] Everything's up-to-date. Nothing to do
  [1m[36mUser Load (0.2ms)[0m  [1m[34mSELECT "users".* FROM "users" WHERE "users"."session_token" = $1 LIMIT $2[0m  [["session_token", "tnDAO7dDzfJpRgFA1e2alA"], ["LIMIT", 1]]
  ↳ app/controllers/application_controller.rb:5:in `current_user'
Completed 200 OK in 11ms (Views: 9.1ms | ActiveRecord: 0.4ms | Allocations: 8256)


Started GET "/users/3" for ::1 at 2020-11-03 12:16:37 -0800
Processing by UsersController#show as HTML
  Parameters: {"id"=>"3"}
  [1m[36mUser Load (0.2ms)[0m  [1m[34mSELECT "users".* FROM "users" WHERE "users"."id" = $1 LIMIT $2[0m  [["id", 3], ["LIMIT", 1]]
  ↳ app/controllers/users_controller.rb:17:in `show'
  Rendering users/show.html.erb within layouts/application
  Rendered users/show.html.erb within layouts/application (Duration: 0.0ms | Allocations: 7)
[Webpacker] Everything's up-to-date. Nothing to do
  [1m[36mUser Load (0.2ms)[0m  [1m[34mSELECT "users".* FROM "users" WHERE "users"."session_token" = $1 LIMIT $2[0m  [["session_token", "tnDAO7dDzfJpRgFA1e2alA"], ["LIMIT", 1]]
  ↳ app/controllers/application_controller.rb:5:in `current_user'
Completed 200 OK in 19ms (Views: 17.3ms | ActiveRecord: 0.4ms | Allocations: 13873)


Started GET "/users/3" for ::1 at 2020-11-03 12:16:51 -0800
Processing by UsersController#show as HTML
  Parameters: {"id"=>"3"}
  [1m[36mUser Load (0.1ms)[0m  [1m[34mSELECT "users".* FROM "users" WHERE "users"."id" = $1 LIMIT $2[0m  [["id", 3], ["LIMIT", 1]]
  ↳ app/controllers/users_controller.rb:17:in `show'
  Rendering users/show.html.erb within layouts/application
  Rendered users/show.html.erb within layouts/application (Duration: 0.0ms | Allocations: 7)
[Webpacker] Everything's up-to-date. Nothing to do
  [1m[36mUser Load (0.2ms)[0m  [1m[34mSELECT "users".* FROM "users" WHERE "users"."session_token" = $1 LIMIT $2[0m  [["session_token", "tnDAO7dDzfJpRgFA1e2alA"], ["LIMIT", 1]]
  ↳ app/controllers/application_controller.rb:5:in `current_user'
Completed 200 OK in 21ms (Views: 19.2ms | ActiveRecord: 0.4ms | Allocations: 15345)


Started DELETE "/session" for ::1 at 2020-11-03 12:16:58 -0800
Processing by SessionsController#destroy as HTML
  Parameters: {"authenticity_token"=>"3rQWnbJwDlCcv9JNsMrwH7+yDq9dRgwz30AOpFT+o+4kkZFLj1JOxW8sGf5Dxt7F54YAX6Qi6vDzVofCW7HneQ=="}
  [1m[36mUser Load (0.2ms)[0m  [1m[34mSELECT "users".* FROM "users" WHERE "users"."session_token" = $1 LIMIT $2[0m  [["session_token", "tnDAO7dDzfJpRgFA1e2alA"], ["LIMIT", 1]]
  ↳ app/controllers/application_controller.rb:5:in `current_user'
  [1m[35m (0.1ms)[0m  [1m[35mBEGIN[0m
  ↳ app/models/user.rb:38:in `reset_session_token!'
  [1m[36mUser Exists? (0.3ms)[0m  [1m[34mSELECT 1 AS one FROM "users" WHERE "users"."email" = $1 AND "users"."id" != $2 LIMIT $3[0m  [["email", "kaycbas@gmail.com"], ["id", 3], ["LIMIT", 1]]
  ↳ app/models/user.rb:38:in `reset_session_token!'
  [1m[36mUser Exists? (0.3ms)[0m  [1m[34mSELECT 1 AS one FROM "users" WHERE "users"."session_token" = $1 AND "users"."id" != $2 LIMIT $3[0m  [["session_token", "ubN_VKwBuiEvpklaHhDkVA"], ["id", 3], ["LIMIT", 1]]
  ↳ app/models/user.rb:38:in `reset_session_token!'
  [1m[36mUser Update (0.4ms)[0m  [1m[33mUPDATE "users" SET "session_token" = $1, "updated_at" = $2 WHERE "users"."id" = $3[0m  [["session_token", "ubN_VKwBuiEvpklaHhDkVA"], ["updated_at", "2020-11-03 20:16:58.691117"], ["id", 3]]
  ↳ app/models/user.rb:38:in `reset_session_token!'
  [1m[35m (0.5ms)[0m  [1m[35mCOMMIT[0m
  ↳ app/models/user.rb:38:in `reset_session_token!'
Redirected to http://localhost:3000/session/new
Completed 302 Found in 8ms (ActiveRecord: 1.7ms | Allocations: 5576)


Started GET "/session/new" for ::1 at 2020-11-03 12:16:58 -0800
Processing by SessionsController#new as HTML
  Rendering sessions/new.html.erb within layouts/application
  Rendered sessions/new.html.erb within layouts/application (Duration: 0.4ms | Allocations: 196)
[Webpacker] Everything's up-to-date. Nothing to do
  [1m[36mUser Load (0.2ms)[0m  [1m[34mSELECT "users".* FROM "users" WHERE "users"."session_token" IS NULL LIMIT $1[0m  [["LIMIT", 1]]
  ↳ app/controllers/application_controller.rb:5:in `current_user'
Completed 200 OK in 9ms (Views: 8.3ms | ActiveRecord: 0.2ms | Allocations: 7352)


Started GET "/session/new" for ::1 at 2020-11-03 12:17:29 -0800
Processing by SessionsController#new as HTML
  Rendering sessions/new.html.erb within layouts/application
  Rendered sessions/new.html.erb within layouts/application (Duration: 0.1ms | Allocations: 57)
[Webpacker] Everything's up-to-date. Nothing to do
  [1m[36mUser Load (0.2ms)[0m  [1m[34mSELECT "users".* FROM "users" WHERE "users"."session_token" IS NULL LIMIT $1[0m  [["LIMIT", 1]]
  ↳ app/controllers/application_controller.rb:5:in `current_user'
Completed 200 OK in 18ms (Views: 17.4ms | ActiveRecord: 0.2ms | Allocations: 13678)


Started GET "/session/new" for ::1 at 2020-11-03 12:17:30 -0800
Processing by SessionsController#new as HTML
  Rendering sessions/new.html.erb within layouts/application
  Rendered sessions/new.html.erb within layouts/application (Duration: 0.1ms | Allocations: 57)
[Webpacker] Everything's up-to-date. Nothing to do
  [1m[36mUser Load (0.2ms)[0m  [1m[34mSELECT "users".* FROM "users" WHERE "users"."session_token" IS NULL LIMIT $1[0m  [["LIMIT", 1]]
  ↳ app/controllers/application_controller.rb:5:in `current_user'
Completed 200 OK in 8ms (Views: 7.1ms | ActiveRecord: 0.2ms | Allocations: 6635)


Started GET "/session/new" for ::1 at 2020-11-03 12:17:44 -0800
Processing by SessionsController#new as HTML
  Rendering sessions/new.html.erb within layouts/application
  Rendered sessions/new.html.erb within layouts/application (Duration: 0.1ms | Allocations: 57)
[Webpacker] Everything's up-to-date. Nothing to do
  [1m[36mUser Load (0.2ms)[0m  [1m[34mSELECT "users".* FROM "users" WHERE "users"."session_token" IS NULL LIMIT $1[0m  [["LIMIT", 1]]
  ↳ app/controllers/application_controller.rb:5:in `current_user'
Completed 200 OK in 8ms (Views: 7.6ms | ActiveRecord: 0.2ms | Allocations: 6635)


Started GET "/session/new" for ::1 at 2020-11-03 12:19:45 -0800
Processing by SessionsController#new as HTML
  Rendering sessions/new.html.erb within layouts/application
  Rendered sessions/new.html.erb within layouts/application (Duration: 0.1ms | Allocations: 57)
[Webpacker] Everything's up-to-date. Nothing to do
  [1m[36mUser Load (0.2ms)[0m  [1m[34mSELECT "users".* FROM "users" WHERE "users"."session_token" IS NULL LIMIT $1[0m  [["LIMIT", 1]]
  ↳ app/controllers/application_controller.rb:5:in `current_user'
Completed 200 OK in 20ms (Views: 19.7ms | ActiveRecord: 0.2ms | Allocations: 14968)


Started GET "/session/new" for ::1 at 2020-11-03 12:20:05 -0800
Processing by SessionsController#new as HTML
  Rendering sessions/new.html.erb within layouts/application
  Rendered sessions/new.html.erb within layouts/application (Duration: 0.1ms | Allocations: 57)
[Webpacker] Everything's up-to-date. Nothing to do
  [1m[36mUser Load (0.2ms)[0m  [1m[34mSELECT "users".* FROM "users" WHERE "users"."session_token" IS NULL LIMIT $1[0m  [["LIMIT", 1]]
  ↳ app/controllers/application_controller.rb:5:in `current_user'
Completed 200 OK in 20ms (Views: 19.1ms | ActiveRecord: 0.2ms | Allocations: 13477)


Started GET "/session/new" for ::1 at 2020-11-03 12:20:06 -0800
Processing by SessionsController#new as HTML
  Rendering sessions/new.html.erb within layouts/application
  Rendered sessions/new.html.erb within layouts/application (Duration: 0.2ms | Allocations: 57)
[Webpacker] Everything's up-to-date. Nothing to do
  [1m[36mUser Load (0.2ms)[0m  [1m[34mSELECT "users".* FROM "users" WHERE "users"."session_token" IS NULL LIMIT $1[0m  [["LIMIT", 1]]
  ↳ app/controllers/application_controller.rb:5:in `current_user'
Completed 200 OK in 8ms (Views: 7.5ms | ActiveRecord: 0.2ms | Allocations: 6636)


Started GET "/session/new" for ::1 at 2020-11-03 12:20:20 -0800
Processing by SessionsController#new as HTML
  Rendering sessions/new.html.erb within layouts/application
  Rendered sessions/new.html.erb within layouts/application (Duration: 0.2ms | Allocations: 57)
[Webpacker] Everything's up-to-date. Nothing to do
  [1m[36mUser Load (0.2ms)[0m  [1m[34mSELECT "users".* FROM "users" WHERE "users"."session_token" IS NULL LIMIT $1[0m  [["LIMIT", 1]]
  ↳ app/controllers/application_controller.rb:5:in `current_user'
Completed 200 OK in 17ms (Views: 16.6ms | ActiveRecord: 0.2ms | Allocations: 12172)


Started GET "/session/new" for ::1 at 2020-11-03 12:20:49 -0800
Processing by SessionsController#new as HTML
  Rendering sessions/new.html.erb within layouts/application
  Rendered sessions/new.html.erb within layouts/application (Duration: 0.4ms | Allocations: 196)
[Webpacker] Everything's up-to-date. Nothing to do
  [1m[36mUser Load (0.2ms)[0m  [1m[34mSELECT "users".* FROM "users" WHERE "users"."session_token" IS NULL LIMIT $1[0m  [["LIMIT", 1]]
  ↳ app/controllers/application_controller.rb:5:in `current_user'
Completed 200 OK in 10ms (Views: 9.4ms | ActiveRecord: 0.2ms | Allocations: 7889)


Started GET "/session/new" for ::1 at 2020-11-03 12:21:03 -0800
Processing by SessionsController#new as HTML
  Rendering sessions/new.html.erb within layouts/application
  Rendered sessions/new.html.erb within layouts/application (Duration: 0.4ms | Allocations: 191)
[Webpacker] Everything's up-to-date. Nothing to do
  [1m[36mUser Load (0.2ms)[0m  [1m[34mSELECT "users".* FROM "users" WHERE "users"."session_token" IS NULL LIMIT $1[0m  [["LIMIT", 1]]
  ↳ app/controllers/application_controller.rb:5:in `current_user'
Completed 200 OK in 14ms (Views: 12.9ms | ActiveRecord: 0.2ms | Allocations: 7873)


Started GET "/session/new" for ::1 at 2020-11-03 12:21:18 -0800
Processing by SessionsController#new as HTML
  Rendering sessions/new.html.erb within layouts/application
  Rendered sessions/new.html.erb within layouts/application (Duration: 0.1ms | Allocations: 58)
[Webpacker] Everything's up-to-date. Nothing to do
  [1m[36mUser Load (0.2ms)[0m  [1m[34mSELECT "users".* FROM "users" WHERE "users"."session_token" IS NULL LIMIT $1[0m  [["LIMIT", 1]]
  ↳ app/controllers/application_controller.rb:5:in `current_user'
Completed 200 OK in 8ms (Views: 7.5ms | ActiveRecord: 0.2ms | Allocations: 6680)


Started GET "/session/new" for ::1 at 2020-11-03 12:22:19 -0800
Processing by SessionsController#new as HTML
  Rendering sessions/new.html.erb within layouts/application
  Rendered sessions/new.html.erb within layouts/application (Duration: 0.6ms | Allocations: 196)
[Webpacker] Everything's up-to-date. Nothing to do
  [1m[36mUser Load (0.2ms)[0m  [1m[34mSELECT "users".* FROM "users" WHERE "users"."session_token" IS NULL LIMIT $1[0m  [["LIMIT", 1]]
  ↳ app/controllers/application_controller.rb:5:in `current_user'
Completed 200 OK in 20ms (Views: 19.1ms | ActiveRecord: 0.2ms | Allocations: 14790)


Started GET "/session/new" for ::1 at 2020-11-03 12:22:34 -0800
Processing by SessionsController#new as HTML
  Rendering sessions/new.html.erb within layouts/application
  Rendered sessions/new.html.erb within layouts/application (Duration: 0.2ms | Allocations: 58)
[Webpacker] Everything's up-to-date. Nothing to do
  [1m[36mUser Load (0.3ms)[0m  [1m[34mSELECT "users".* FROM "users" WHERE "users"."session_token" IS NULL LIMIT $1[0m  [["LIMIT", 1]]
  ↳ app/controllers/application_controller.rb:5:in `current_user'
Completed 200 OK in 23ms (Views: 22.2ms | ActiveRecord: 0.3ms | Allocations: 14973)


Started GET "/session/new" for ::1 at 2020-11-03 12:23:19 -0800
Processing by SessionsController#new as HTML
  Rendering sessions/new.html.erb within layouts/application
  Rendered sessions/new.html.erb within layouts/application (Duration: 0.2ms | Allocations: 57)
[Webpacker] Everything's up-to-date. Nothing to do
  [1m[36mUser Load (0.2ms)[0m  [1m[34mSELECT "users".* FROM "users" WHERE "users"."session_token" IS NULL LIMIT $1[0m  [["LIMIT", 1]]
  ↳ app/controllers/application_controller.rb:5:in `current_user'
Completed 200 OK in 22ms (Views: 21.8ms | ActiveRecord: 0.2ms | Allocations: 17821)


Started GET "/session/new" for ::1 at 2020-11-03 12:23:33 -0800
Processing by SessionsController#new as HTML
  Rendering sessions/new.html.erb within layouts/application
  Rendered sessions/new.html.erb within layouts/application (Duration: 0.1ms | Allocations: 57)
[Webpacker] Everything's up-to-date. Nothing to do
  [1m[36mUser Load (0.2ms)[0m  [1m[34mSELECT "users".* FROM "users" WHERE "users"."session_token" IS NULL LIMIT $1[0m  [["LIMIT", 1]]
  ↳ app/controllers/application_controller.rb:5:in `current_user'
Completed 200 OK in 22ms (Views: 21.0ms | ActiveRecord: 0.2ms | Allocations: 17731)


Started GET "/session/new" for ::1 at 2020-11-03 12:24:03 -0800
Processing by SessionsController#new as HTML
  Rendering sessions/new.html.erb within layouts/application
  Rendered sessions/new.html.erb within layouts/application (Duration: 0.2ms | Allocations: 57)
[Webpacker] Everything's up-to-date. Nothing to do
  [1m[36mUser Load (0.2ms)[0m  [1m[34mSELECT "users".* FROM "users" WHERE "users"."session_token" IS NULL LIMIT $1[0m  [["LIMIT", 1]]
  ↳ app/controllers/application_controller.rb:5:in `current_user'
Completed 200 OK in 24ms (Views: 23.4ms | ActiveRecord: 0.2ms | Allocations: 20686)


Started GET "/session/new" for ::1 at 2020-11-03 12:24:08 -0800
Processing by SessionsController#new as HTML
  Rendering sessions/new.html.erb within layouts/application
  Rendered sessions/new.html.erb within layouts/application (Duration: 0.2ms | Allocations: 57)
[Webpacker] Everything's up-to-date. Nothing to do
  [1m[36mUser Load (0.2ms)[0m  [1m[34mSELECT "users".* FROM "users" WHERE "users"."session_token" IS NULL LIMIT $1[0m  [["LIMIT", 1]]
  ↳ app/controllers/application_controller.rb:5:in `current_user'
Completed 200 OK in 24ms (Views: 22.9ms | ActiveRecord: 0.2ms | Allocations: 13490)


